<?xml version="1.0" encoding="UTF-8"?>
<coverage generated="1604320695831" clover="3.2.0">
  <project timestamp="1604320695831" name="All files">
    <metrics statements="335" coveredstatements="121" conditionals="227" coveredconditionals="86" methods="33" coveredmethods="12" elements="595" coveredelements="219" complexity="0" loc="335" ncloc="335" packages="1" files="1" classes="1"/>
    <file name="kilo.js" path="/home/runner/work/kilo-editor/kilo-editor/src/kilo.js">
      <metrics statements="335" coveredstatements="121" conditionals="227" coveredconditionals="86" methods="33" coveredmethods="12"/>
      <line num="2" count="1" type="stmt"/>
      <line num="3" count="1" type="stmt"/>
      <line num="4" count="1" type="stmt"/>
      <line num="5" count="1" type="stmt"/>
      <line num="6" count="1" type="stmt"/>
      <line num="7" count="1" type="stmt"/>
      <line num="27" count="12" type="stmt"/>
      <line num="28" count="12" type="stmt"/>
      <line num="46" count="12" type="cond" truecount="4" falsecount="0"/>
      <line num="47" count="8" type="stmt"/>
      <line num="49" count="12" type="stmt"/>
      <line num="50" count="12" type="stmt"/>
      <line num="51" count="12" type="stmt"/>
      <line num="52" count="12" type="stmt"/>
      <line num="53" count="12" type="stmt"/>
      <line num="54" count="12" type="stmt"/>
      <line num="65" count="0" type="stmt"/>
      <line num="66" count="0" type="stmt"/>
      <line num="67" count="0" type="stmt"/>
      <line num="68" count="0" type="stmt"/>
      <line num="69" count="0" type="stmt"/>
      <line num="70" count="0" type="cond" truecount="0" falsecount="2"/>
      <line num="80" count="0" type="cond" truecount="0" falsecount="2"/>
      <line num="81" count="0" type="stmt"/>
      <line num="92" count="0" type="cond" truecount="0" falsecount="2"/>
      <line num="93" count="0" type="stmt"/>
      <line num="94" count="0" type="stmt"/>
      <line num="110" count="3" type="stmt"/>
      <line num="111" count="2" type="stmt"/>
      <line num="112" count="2" type="stmt"/>
      <line num="120" count="0" type="stmt"/>
      <line num="122" count="0" type="stmt"/>
      <line num="123" count="0" type="stmt"/>
      <line num="124" count="0" type="stmt"/>
      <line num="125" count="0" type="stmt"/>
      <line num="127" count="0" type="stmt"/>
      <line num="137" count="30" type="stmt"/>
      <line num="138" count="30" type="stmt"/>
      <line num="139" count="0" type="stmt"/>
      <line num="149" count="42" type="stmt"/>
      <line num="160" count="0" type="cond" truecount="0" falsecount="2"/>
      <line num="161" count="0" type="stmt"/>
      <line num="163" count="0" type="stmt"/>
      <line num="165" count="0" type="stmt"/>
      <line num="166" count="0" type="stmt"/>
      <line num="167" count="0" type="stmt"/>
      <line num="177" count="0" type="stmt"/>
      <line num="178" count="0" type="stmt"/>
      <line num="180" count="0" type="cond" truecount="0" falsecount="2"/>
      <line num="181" count="0" type="stmt"/>
      <line num="183" count="0" type="stmt"/>
      <line num="184" count="0" type="cond" truecount="0" falsecount="4"/>
      <line num="185" count="0" type="stmt"/>
      <line num="188" count="0" type="stmt"/>
      <line num="198" count="0" type="stmt"/>
      <line num="199" count="0" type="stmt"/>
      <line num="200" count="0" type="stmt"/>
      <line num="201" count="0" type="stmt"/>
      <line num="211" count="0" type="stmt"/>
      <line num="212" count="0" type="cond" truecount="0" falsecount="2"/>
      <line num="213" count="0" type="stmt"/>
      <line num="222" count="0" type="cond" truecount="0" falsecount="2"/>
      <line num="223" count="0" type="stmt"/>
      <line num="225" count="0" type="cond" truecount="0" falsecount="2"/>
      <line num="226" count="0" type="stmt"/>
      <line num="228" count="0" type="stmt"/>
      <line num="229" count="0" type="stmt"/>
      <line num="230" count="0" type="stmt"/>
      <line num="246" count="17" type="stmt"/>
      <line num="248" count="17" type="stmt"/>
      <line num="250" count="17" type="stmt"/>
      <line num="251" count="90" type="cond" truecount="1" falsecount="1"/>
      <line num="252" count="0" type="stmt"/>
      <line num="254" count="90" type="cond" truecount="1" falsecount="1"/>
      <line num="255" count="0" type="stmt"/>
      <line num="257" count="90" type="stmt"/>
      <line num="259" count="17" type="stmt"/>
      <line num="273" count="18" type="stmt"/>
      <line num="274" count="18" type="cond" truecount="2" falsecount="0"/>
      <line num="275" count="17" type="stmt"/>
      <line num="277" count="18" type="cond" truecount="2" falsecount="0"/>
      <line num="278" count="2" type="stmt"/>
      <line num="280" count="18" type="cond" truecount="2" falsecount="0"/>
      <line num="281" count="3" type="stmt"/>
      <line num="283" count="18" type="cond" truecount="2" falsecount="0"/>
      <line num="284" count="3" type="stmt"/>
      <line num="286" count="18" type="cond" truecount="2" falsecount="0"/>
      <line num="287" count="3" type="stmt"/>
      <line num="306" count="0" type="stmt"/>
      <line num="307" count="0" type="stmt"/>
      <line num="308" count="0" type="stmt"/>
      <line num="309" count="0" type="stmt"/>
      <line num="310" count="0" type="stmt"/>
      <line num="311" count="0" type="stmt"/>
      <line num="312" count="0" type="stmt"/>
      <line num="313" count="0" type="stmt"/>
      <line num="314" count="0" type="stmt"/>
      <line num="315" count="0" type="stmt"/>
      <line num="326" count="18" type="cond" truecount="2" falsecount="0"/>
      <line num="328" count="18" type="stmt"/>
      <line num="329" count="18" type="cond" truecount="1" falsecount="1"/>
      <line num="330" count="0" type="stmt"/>
      <line num="331" count="0" type="stmt"/>
      <line num="332" count="0" type="stmt"/>
      <line num="333" count="0" type="stmt"/>
      <line num="334" count="0" type="stmt"/>
      <line num="335" count="0" type="stmt"/>
      <line num="336" count="18" type="cond" truecount="1" falsecount="1"/>
      <line num="337" count="0" type="cond" truecount="0" falsecount="3"/>
      <line num="339" count="0" type="stmt"/>
      <line num="340" count="0" type="stmt"/>
      <line num="342" count="0" type="stmt"/>
      <line num="343" count="0" type="stmt"/>
      <line num="345" count="0" type="stmt"/>
      <line num="348" count="18" type="cond" truecount="3" falsecount="1"/>
      <line num="349" count="18" type="cond" truecount="1" falsecount="1"/>
      <line num="350" count="0" type="cond" truecount="0" falsecount="4"/>
      <line num="352" count="0" type="cond" truecount="0" falsecount="2"/>
      <line num="353" count="0" type="stmt"/>
      <line num="355" count="0" type="stmt"/>
      <line num="357" count="0" type="stmt"/>
      <line num="358" count="0" type="stmt"/>
      <line num="360" count="0" type="stmt"/>
      <line num="361" count="0" type="stmt"/>
      <line num="363" count="0" type="stmt"/>
      <line num="366" count="18" type="cond" truecount="13" falsecount="14"/>
      <line num="369" count="1" type="stmt"/>
      <line num="370" count="1" type="stmt"/>
      <line num="372" count="2" type="cond" truecount="1" falsecount="1"/>
      <line num="373" count="2" type="stmt"/>
      <line num="375" count="2" type="stmt"/>
      <line num="377" count="0" type="stmt"/>
      <line num="378" count="0" type="stmt"/>
      <line num="380" count="0" type="stmt"/>
      <line num="383" count="0" type="stmt"/>
      <line num="384" count="0" type="cond" truecount="0" falsecount="4"/>
      <line num="385" count="0" type="stmt"/>
      <line num="387" count="0" type="stmt"/>
      <line num="389" count="0" type="stmt"/>
      <line num="390" count="0" type="stmt"/>
      <line num="392" count="0" type="stmt"/>
      <line num="395" count="0" type="stmt"/>
      <line num="396" count="0" type="cond" truecount="0" falsecount="2"/>
      <line num="397" count="0" type="stmt"/>
      <line num="398" count="0" type="stmt"/>
      <line num="400" count="0" type="cond" truecount="0" falsecount="2"/>
      <line num="401" count="0" type="stmt"/>
      <line num="402" count="0" type="stmt"/>
      <line num="403" count="0" type="stmt"/>
      <line num="405" count="0" type="stmt"/>
      <line num="406" count="0" type="stmt"/>
      <line num="407" count="0" type="stmt"/>
      <line num="408" count="0" type="stmt"/>
      <line num="410" count="0" type="stmt"/>
      <line num="411" count="0" type="stmt"/>
      <line num="414" count="0" type="stmt"/>
      <line num="416" count="0" type="stmt"/>
      <line num="417" count="0" type="stmt"/>
      <line num="419" count="0" type="stmt"/>
      <line num="421" count="0" type="cond" truecount="0" falsecount="4"/>
      <line num="422" count="0" type="stmt"/>
      <line num="424" count="0" type="stmt"/>
      <line num="426" count="0" type="cond" truecount="0" falsecount="4"/>
      <line num="427" count="0" type="stmt"/>
      <line num="429" count="0" type="stmt"/>
      <line num="430" count="0" type="stmt"/>
      <line num="432" count="0" type="stmt"/>
      <line num="433" count="0" type="stmt"/>
      <line num="434" count="0" type="stmt"/>
      <line num="436" count="0" type="stmt"/>
      <line num="438" count="0" type="stmt"/>
      <line num="440" count="0" type="stmt"/>
      <line num="441" count="0" type="stmt"/>
      <line num="442" count="0" type="stmt"/>
      <line num="443" count="0" type="stmt"/>
      <line num="445" count="2" type="stmt"/>
      <line num="448" count="4" type="cond" truecount="2" falsecount="0"/>
      <line num="449" count="2" type="stmt"/>
      <line num="450" count="2" type="cond" truecount="1" falsecount="1"/>
      <line num="451" count="0" type="stmt"/>
      <line num="454" count="4" type="stmt"/>
      <line num="456" count="4" type="stmt"/>
      <line num="457" count="40" type="cond" truecount="2" falsecount="0"/>
      <line num="460" count="4" type="stmt"/>
      <line num="469" count="11" type="stmt"/>
      <line num="470" count="11" type="stmt"/>
      <line num="472" count="0" type="stmt"/>
      <line num="475" count="18" type="stmt"/>
      <line num="476" count="0" type="cond" truecount="0" falsecount="4"/>
      <line num="477" count="0" type="cond" truecount="0" falsecount="6"/>
      <line num="480" count="0" type="stmt"/>
      <line num="481" count="0" type="stmt"/>
      <line num="483" count="0" type="stmt"/>
      <line num="484" count="0" type="stmt"/>
      <line num="485" count="0" type="stmt"/>
      <line num="486" count="0" type="stmt"/>
      <line num="487" count="0" type="stmt"/>
      <line num="488" count="0" type="stmt"/>
      <line num="491" count="0" type="cond" truecount="0" falsecount="2"/>
      <line num="492" count="0" type="stmt"/>
      <line num="494" count="0" type="stmt"/>
      <line num="496" count="0" type="cond" truecount="0" falsecount="2"/>
      <line num="497" count="0" type="stmt"/>
      <line num="499" count="0" type="cond" truecount="0" falsecount="2"/>
      <line num="500" count="0" type="stmt"/>
      <line num="503" count="0" type="cond" truecount="0" falsecount="2"/>
      <line num="504" count="0" type="stmt"/>
      <line num="505" count="0" type="stmt"/>
      <line num="506" count="0" type="stmt"/>
      <line num="507" count="0" type="stmt"/>
      <line num="508" count="0" type="stmt"/>
      <line num="509" count="0" type="stmt"/>
      <line num="511" count="0" type="cond" truecount="0" falsecount="2"/>
      <line num="512" count="0" type="stmt"/>
      <line num="513" count="0" type="stmt"/>
      <line num="517" count="0" type="cond" truecount="0" falsecount="2"/>
      <line num="518" count="0" type="stmt"/>
      <line num="519" count="0" type="stmt"/>
      <line num="523" count="0" type="cond" truecount="0" falsecount="12"/>
      <line num="525" count="0" type="stmt"/>
      <line num="526" count="0" type="stmt"/>
      <line num="528" count="0" type="cond" truecount="0" falsecount="2"/>
      <line num="529" count="0" type="stmt"/>
      <line num="531" count="0" type="stmt"/>
      <line num="533" count="0" type="stmt"/>
      <line num="534" count="0" type="stmt"/>
      <line num="535" count="0" type="stmt"/>
      <line num="536" count="0" type="stmt"/>
      <line num="537" count="0" type="stmt"/>
      <line num="539" count="0" type="stmt"/>
      <line num="541" count="0" type="stmt"/>
      <line num="542" count="0" type="cond" truecount="0" falsecount="4"/>
      <line num="543" count="0" type="stmt"/>
      <line num="545" count="0" type="stmt"/>
      <line num="547" count="0" type="stmt"/>
      <line num="550" count="0" type="cond" truecount="0" falsecount="2"/>
      <line num="551" count="0" type="stmt"/>
      <line num="552" count="0" type="cond" truecount="0" falsecount="2"/>
      <line num="553" count="0" type="stmt"/>
      <line num="556" count="0" type="stmt"/>
      <line num="558" count="0" type="stmt"/>
      <line num="559" count="0" type="cond" truecount="0" falsecount="2"/>
      <line num="562" count="0" type="stmt"/>
      <line num="567" count="0" type="stmt"/>
      <line num="568" count="0" type="stmt"/>
      <line num="570" count="0" type="cond" truecount="0" falsecount="4"/>
      <line num="571" count="0" type="stmt"/>
      <line num="575" count="18" type="cond" truecount="1" falsecount="1"/>
      <line num="577" count="18" type="cond" truecount="1" falsecount="1"/>
      <line num="579" count="18" type="stmt"/>
      <line num="581" count="0" type="stmt"/>
      <line num="591" count="51" type="cond" truecount="2" falsecount="0"/>
      <line num="593" count="51" type="cond" truecount="4" falsecount="5"/>
      <line num="596" count="2" type="cond" truecount="2" falsecount="0"/>
      <line num="597" count="1" type="stmt"/>
      <line num="598" count="1" type="cond" truecount="1" falsecount="1"/>
      <line num="599" count="1" type="stmt"/>
      <line num="600" count="1" type="stmt"/>
      <line num="602" count="2" type="stmt"/>
      <line num="605" count="3" type="cond" truecount="4" falsecount="0"/>
      <line num="606" count="2" type="stmt"/>
      <line num="607" count="1" type="cond" truecount="3" falsecount="1"/>
      <line num="608" count="1" type="stmt"/>
      <line num="609" count="1" type="stmt"/>
      <line num="611" count="3" type="stmt"/>
      <line num="614" count="22" type="cond" truecount="2" falsecount="0"/>
      <line num="615" count="14" type="stmt"/>
      <line num="617" count="22" type="stmt"/>
      <line num="620" count="24" type="cond" truecount="2" falsecount="0"/>
      <line num="621" count="15" type="stmt"/>
      <line num="623" count="24" type="stmt"/>
      <line num="625" count="0" type="stmt"/>
      <line num="627" count="51" type="cond" truecount="2" falsecount="0"/>
      <line num="628" count="51" type="cond" truecount="2" falsecount="0"/>
      <line num="630" count="51" type="cond" truecount="2" falsecount="0"/>
      <line num="631" count="1" type="stmt"/>
      <line num="640" count="1" type="stmt"/>
      <line num="641" count="1" type="cond" truecount="2" falsecount="2"/>
      <line num="642" count="1" type="stmt"/>
      <line num="643" count="1" type="stmt"/>
      <line num="645" count="1" type="cond" truecount="1" falsecount="1"/>
      <line num="646" count="0" type="stmt"/>
      <line num="648" count="1" type="stmt"/>
      <line num="649" count="1" type="stmt"/>
      <line num="650" count="0" type="cond" truecount="0" falsecount="2"/>
      <line num="651" count="0" type="stmt"/>
      <line num="652" count="0" type="stmt"/>
      <line num="654" count="0" type="stmt"/>
      <line num="655" count="0" type="stmt"/>
      <line num="658" count="1" type="stmt"/>
      <line num="659" count="1" type="stmt"/>
      <line num="667" count="1" type="stmt"/>
      <line num="668" count="1" type="cond" truecount="1" falsecount="1"/>
      <line num="676" count="3" type="stmt"/>
      <line num="677" count="210" type="stmt"/>
      <line num="679" count="210" type="cond" truecount="1" falsecount="1"/>
      <line num="680" count="210" type="cond" truecount="4" falsecount="0"/>
      <line num="681" count="3" type="stmt"/>
      <line num="682" count="3" type="stmt"/>
      <line num="684" count="3" type="cond" truecount="2" falsecount="0"/>
      <line num="685" count="1" type="stmt"/>
      <line num="687" count="3" type="stmt"/>
      <line num="689" count="3" type="cond" truecount="1" falsecount="1"/>
      <line num="690" count="3" type="stmt"/>
      <line num="691" count="3" type="stmt"/>
      <line num="693" count="3" type="stmt"/>
      <line num="694" count="12" type="stmt"/>
      <line num="696" count="3" type="stmt"/>
      <line num="698" count="207" type="stmt"/>
      <line num="701" count="0" type="stmt"/>
      <line num="702" count="0" type="stmt"/>
      <line num="704" count="0" type="cond" truecount="0" falsecount="2"/>
      <line num="705" count="0" type="stmt"/>
      <line num="707" count="0" type="cond" truecount="0" falsecount="2"/>
      <line num="708" count="0" type="stmt"/>
      <line num="712" count="0" type="stmt"/>
      <line num="714" count="210" type="stmt"/>
      <line num="715" count="210" type="stmt"/>
      <line num="725" count="0" type="stmt"/>
      <line num="727" count="0" type="stmt"/>
      <line num="729" count="0" type="stmt"/>
      <line num="731" count="0" type="stmt"/>
      <line num="733" count="0" type="stmt"/>
      <line num="735" count="0" type="stmt"/>
      <line num="737" count="0" type="stmt"/>
      <line num="739" count="0" type="stmt"/>
      <line num="747" count="0" type="stmt"/>
      <line num="748" count="0" type="stmt"/>
      <line num="749" count="0" type="cond" truecount="0" falsecount="2"/>
      <line num="750" count="0" type="stmt"/>
      <line num="752" count="0" type="stmt"/>
      <line num="753" count="0" type="stmt"/>
      <line num="755" count="0" type="stmt"/>
      <line num="759" count="1" type="cond" truecount="3" falsecount="1"/>
      <line num="760" count="1" type="stmt"/>
    </file>
  </project>
</coverage>
