<?xml version="1.0" encoding="UTF-8"?>
<coverage generated="1604181667049" clover="3.2.0">
  <project timestamp="1604181667049" name="All files">
    <metrics statements="138" coveredstatements="95" conditionals="107" coveredconditionals="74" methods="16" coveredmethods="10" elements="261" coveredelements="179" complexity="0" loc="138" ncloc="138" packages="1" files="1" classes="1"/>
    <file name="kilo.js" path="/home/runner/work/kilo-editor/kilo-editor/src/kilo.js">
      <metrics statements="138" coveredstatements="95" conditionals="107" coveredconditionals="74" methods="16" coveredmethods="10"/>
      <line num="1" count="1" type="stmt"/>
      <line num="2" count="1" type="stmt"/>
      <line num="3" count="1" type="stmt"/>
      <line num="4" count="1" type="stmt"/>
      <line num="5" count="1" type="stmt"/>
      <line num="6" count="1" type="stmt"/>
      <line num="22" count="15" type="stmt"/>
      <line num="23" count="15" type="stmt"/>
      <line num="36" count="15" type="stmt"/>
      <line num="37" count="15" type="stmt"/>
      <line num="47" count="0" type="stmt"/>
      <line num="48" count="0" type="stmt"/>
      <line num="49" count="0" type="stmt"/>
      <line num="50" count="0" type="stmt"/>
      <line num="51" count="0" type="stmt"/>
      <line num="52" count="0" type="cond" truecount="0" falsecount="2"/>
      <line num="60" count="0" type="cond" truecount="0" falsecount="2"/>
      <line num="61" count="0" type="stmt"/>
      <line num="70" count="0" type="cond" truecount="0" falsecount="2"/>
      <line num="71" count="0" type="stmt"/>
      <line num="72" count="0" type="stmt"/>
      <line num="88" count="3" type="stmt"/>
      <line num="89" count="42" type="stmt"/>
      <line num="104" count="17" type="stmt"/>
      <line num="106" count="17" type="stmt"/>
      <line num="107" count="17" type="stmt"/>
      <line num="108" count="90" type="cond" truecount="1" falsecount="1"/>
      <line num="109" count="0" type="stmt"/>
      <line num="110" count="90" type="cond" truecount="1" falsecount="1"/>
      <line num="111" count="0" type="stmt"/>
      <line num="112" count="90" type="stmt"/>
      <line num="114" count="17" type="stmt"/>
      <line num="128" count="18" type="stmt"/>
      <line num="129" count="18" type="cond" truecount="2" falsecount="0"/>
      <line num="130" count="17" type="stmt"/>
      <line num="132" count="18" type="cond" truecount="2" falsecount="0"/>
      <line num="133" count="2" type="stmt"/>
      <line num="135" count="18" type="cond" truecount="2" falsecount="0"/>
      <line num="136" count="3" type="stmt"/>
      <line num="138" count="18" type="cond" truecount="2" falsecount="0"/>
      <line num="139" count="3" type="stmt"/>
      <line num="141" count="18" type="cond" truecount="2" falsecount="0"/>
      <line num="142" count="3" type="stmt"/>
      <line num="161" count="0" type="stmt"/>
      <line num="162" count="0" type="stmt"/>
      <line num="163" count="0" type="stmt"/>
      <line num="164" count="0" type="stmt"/>
      <line num="165" count="0" type="stmt"/>
      <line num="166" count="0" type="stmt"/>
      <line num="167" count="0" type="stmt"/>
      <line num="168" count="0" type="stmt"/>
      <line num="169" count="0" type="stmt"/>
      <line num="170" count="0" type="stmt"/>
      <line num="179" count="18" type="cond" truecount="11" falsecount="2"/>
      <line num="181" count="0" type="cond" truecount="0" falsecount="2"/>
      <line num="182" count="0" type="stmt"/>
      <line num="184" count="0" type="stmt"/>
      <line num="186" count="1" type="stmt"/>
      <line num="187" count="1" type="stmt"/>
      <line num="190" count="2" type="cond" truecount="1" falsecount="1"/>
      <line num="192" count="2" type="stmt"/>
      <line num="194" count="2" type="stmt"/>
      <line num="197" count="4" type="cond" truecount="2" falsecount="0"/>
      <line num="198" count="2" type="stmt"/>
      <line num="199" count="2" type="cond" truecount="1" falsecount="1"/>
      <line num="201" count="4" type="stmt"/>
      <line num="202" count="40" type="cond" truecount="2" falsecount="0"/>
      <line num="204" count="4" type="stmt"/>
      <line num="213" count="11" type="stmt"/>
      <line num="215" count="18" type="stmt"/>
      <line num="223" count="51" type="cond" truecount="2" falsecount="0"/>
      <line num="224" count="51" type="cond" truecount="4" falsecount="4"/>
      <line num="227" count="2" type="cond" truecount="2" falsecount="0"/>
      <line num="228" count="1" type="stmt"/>
      <line num="229" count="1" type="cond" truecount="1" falsecount="1"/>
      <line num="230" count="1" type="stmt"/>
      <line num="231" count="1" type="stmt"/>
      <line num="233" count="2" type="stmt"/>
      <line num="236" count="3" type="cond" truecount="4" falsecount="0"/>
      <line num="237" count="2" type="stmt"/>
      <line num="238" count="1" type="cond" truecount="3" falsecount="1"/>
      <line num="239" count="1" type="stmt"/>
      <line num="240" count="1" type="stmt"/>
      <line num="242" count="3" type="stmt"/>
      <line num="245" count="22" type="cond" truecount="2" falsecount="0"/>
      <line num="246" count="22" type="stmt"/>
      <line num="249" count="24" type="cond" truecount="2" falsecount="0"/>
      <line num="250" count="24" type="stmt"/>
      <line num="252" count="51" type="cond" truecount="2" falsecount="0"/>
      <line num="253" count="51" type="cond" truecount="2" falsecount="0"/>
      <line num="254" count="51" type="cond" truecount="2" falsecount="0"/>
      <line num="255" count="1" type="stmt"/>
      <line num="263" count="1" type="stmt"/>
      <line num="264" count="1" type="cond" truecount="1" falsecount="1"/>
      <line num="265" count="1" type="stmt"/>
      <line num="266" count="1" type="stmt"/>
      <line num="267" count="1" type="cond" truecount="1" falsecount="1"/>
      <line num="268" count="1" type="stmt"/>
      <line num="269" count="1" type="stmt"/>
      <line num="270" count="0" type="cond" truecount="0" falsecount="2"/>
      <line num="271" count="0" type="stmt"/>
      <line num="272" count="0" type="stmt"/>
      <line num="274" count="0" type="stmt"/>
      <line num="275" count="0" type="stmt"/>
      <line num="278" count="1" type="stmt"/>
      <line num="279" count="1" type="stmt"/>
      <line num="286" count="1" type="stmt"/>
      <line num="287" count="1" type="cond" truecount="1" falsecount="1"/>
      <line num="294" count="3" type="stmt"/>
      <line num="295" count="210" type="stmt"/>
      <line num="296" count="210" type="cond" truecount="1" falsecount="1"/>
      <line num="297" count="210" type="cond" truecount="4" falsecount="0"/>
      <line num="298" count="3" type="stmt"/>
      <line num="299" count="3" type="stmt"/>
      <line num="300" count="3" type="cond" truecount="2" falsecount="0"/>
      <line num="301" count="3" type="stmt"/>
      <line num="302" count="3" type="cond" truecount="2" falsecount="0"/>
      <line num="303" count="2" type="stmt"/>
      <line num="304" count="2" type="stmt"/>
      <line num="306" count="70" type="stmt"/>
      <line num="307" count="3" type="stmt"/>
      <line num="309" count="207" type="stmt"/>
      <line num="312" count="0" type="stmt"/>
      <line num="313" count="0" type="cond" truecount="0" falsecount="2"/>
      <line num="314" count="0" type="cond" truecount="0" falsecount="2"/>
      <line num="315" count="0" type="stmt"/>
      <line num="317" count="210" type="stmt"/>
      <line num="318" count="210" type="stmt"/>
      <line num="326" count="0" type="stmt"/>
      <line num="327" count="0" type="stmt"/>
      <line num="328" count="0" type="cond" truecount="0" falsecount="2"/>
      <line num="329" count="0" type="stmt"/>
      <line num="331" count="0" type="stmt"/>
      <line num="332" count="0" type="stmt"/>
      <line num="334" count="0" type="stmt"/>
      <line num="338" count="1" type="cond" truecount="3" falsecount="1"/>
      <line num="339" count="1" type="stmt"/>
      <line num="341" count="0" type="stmt"/>
    </file>
  </project>
</coverage>
