{"/home/runner/work/kilo-editor/kilo-editor/src/kilo.js": {"path":"/home/runner/work/kilo-editor/kilo-editor/src/kilo.js","statementMap":{"0":{"start":{"line":1,"column":17},"end":{"line":1,"column":36}},"1":{"start":{"line":2,"column":12},"end":{"line":2,"column":33}},"2":{"start":{"line":3,"column":11},"end":{"line":3,"column":24}},"3":{"start":{"line":4,"column":11},"end":{"line":4,"column":24}},"4":{"start":{"line":5,"column":22},"end":{"line":5,"column":23}},"5":{"start":{"line":9,"column":4},"end":{"line":9,"column":47}},"6":{"start":{"line":10,"column":4},"end":{"line":22,"column":6}},"7":{"start":{"line":23,"column":4},"end":{"line":23,"column":50}},"8":{"start":{"line":23,"column":21},"end":{"line":23,"column":42}},"9":{"start":{"line":24,"column":4},"end":{"line":24,"column":19}},"10":{"start":{"line":27,"column":4},"end":{"line":29,"column":5}},"11":{"start":{"line":28,"column":6},"end":{"line":28,"column":37}},"12":{"start":{"line":33,"column":4},"end":{"line":36,"column":5}},"13":{"start":{"line":34,"column":6},"end":{"line":34,"column":38}},"14":{"start":{"line":35,"column":6},"end":{"line":35,"column":29}},"15":{"start":{"line":40,"column":4},"end":{"line":40,"column":80}},"16":{"start":{"line":41,"column":4},"end":{"line":41,"column":91}},"17":{"start":{"line":41,"column":45},"end":{"line":41,"column":89}},"18":{"start":{"line":45,"column":13},"end":{"line":45,"column":14}},"19":{"start":{"line":47,"column":4},"end":{"line":51,"column":5}},"20":{"start":{"line":48,"column":6},"end":{"line":49,"column":57}},"21":{"start":{"line":49,"column":8},"end":{"line":49,"column":57}},"22":{"start":{"line":50,"column":6},"end":{"line":50,"column":11}},"23":{"start":{"line":52,"column":4},"end":{"line":52,"column":14}},"24":{"start":{"line":56,"column":4},"end":{"line":56,"column":18}},"25":{"start":{"line":57,"column":4},"end":{"line":59,"column":5}},"26":{"start":{"line":58,"column":6},"end":{"line":58,"column":74}},"27":{"start":{"line":60,"column":4},"end":{"line":62,"column":5}},"28":{"start":{"line":61,"column":6},"end":{"line":61,"column":32}},"29":{"start":{"line":63,"column":4},"end":{"line":65,"column":5}},"30":{"start":{"line":64,"column":6},"end":{"line":64,"column":56}},"31":{"start":{"line":66,"column":4},"end":{"line":68,"column":5}},"32":{"start":{"line":67,"column":6},"end":{"line":67,"column":32}},"33":{"start":{"line":69,"column":4},"end":{"line":71,"column":5}},"34":{"start":{"line":70,"column":6},"end":{"line":70,"column":56}},"35":{"start":{"line":75,"column":4},"end":{"line":75,"column":24}},"36":{"start":{"line":76,"column":4},"end":{"line":76,"column":29}},"37":{"start":{"line":77,"column":4},"end":{"line":77,"column":26}},"38":{"start":{"line":78,"column":4},"end":{"line":78,"column":26}},"39":{"start":{"line":79,"column":4},"end":{"line":79,"column":31}},"40":{"start":{"line":80,"column":4},"end":{"line":80,"column":32}},"41":{"start":{"line":81,"column":4},"end":{"line":81,"column":95}},"42":{"start":{"line":82,"column":4},"end":{"line":82,"column":29}},"43":{"start":{"line":83,"column":4},"end":{"line":83,"column":54}},"44":{"start":{"line":84,"column":4},"end":{"line":84,"column":19}},"45":{"start":{"line":88,"column":4},"end":{"line":127,"column":5}},"46":{"start":{"line":90,"column":8},"end":{"line":96,"column":9}},"47":{"start":{"line":91,"column":10},"end":{"line":91,"column":25}},"48":{"start":{"line":92,"column":10},"end":{"line":92,"column":45}},"49":{"start":{"line":93,"column":10},"end":{"line":93,"column":44}},"50":{"start":{"line":94,"column":10},"end":{"line":94,"column":32}},"51":{"start":{"line":95,"column":10},"end":{"line":95,"column":25}},"52":{"start":{"line":97,"column":8},"end":{"line":97,"column":14}},"53":{"start":{"line":99,"column":8},"end":{"line":99,"column":22}},"54":{"start":{"line":100,"column":8},"end":{"line":100,"column":14}},"55":{"start":{"line":103,"column":10},"end":{"line":103,"column":88}},"56":{"start":{"line":103,"column":46},"end":{"line":103,"column":88}},"57":{"start":{"line":105,"column":8},"end":{"line":105,"column":14}},"58":{"start":{"line":107,"column":8},"end":{"line":107,"column":34}},"59":{"start":{"line":110,"column":10},"end":{"line":113,"column":11}},"60":{"start":{"line":111,"column":12},"end":{"line":111,"column":62}},"61":{"start":{"line":112,"column":12},"end":{"line":112,"column":79}},"62":{"start":{"line":112,"column":48},"end":{"line":112,"column":79}},"63":{"start":{"line":114,"column":22},"end":{"line":114,"column":39}},"64":{"start":{"line":115,"column":10},"end":{"line":115,"column":86}},"65":{"start":{"line":115,"column":26},"end":{"line":115,"column":86}},"66":{"start":{"line":117,"column":8},"end":{"line":117,"column":14}},"67":{"start":{"line":126,"column":8},"end":{"line":126,"column":40}},"68":{"start":{"line":128,"column":4},"end":{"line":128,"column":31}},"69":{"start":{"line":132,"column":14},"end":{"line":132,"column":84}},"70":{"start":{"line":133,"column":4},"end":{"line":160,"column":5}},"71":{"start":{"line":136,"column":8},"end":{"line":141,"column":9}},"72":{"start":{"line":137,"column":10},"end":{"line":137,"column":22}},"73":{"start":{"line":138,"column":15},"end":{"line":141,"column":9}},"74":{"start":{"line":139,"column":10},"end":{"line":139,"column":22}},"75":{"start":{"line":140,"column":10},"end":{"line":140,"column":52}},"76":{"start":{"line":142,"column":8},"end":{"line":142,"column":14}},"77":{"start":{"line":145,"column":8},"end":{"line":150,"column":9}},"78":{"start":{"line":146,"column":10},"end":{"line":146,"column":22}},"79":{"start":{"line":147,"column":15},"end":{"line":150,"column":9}},"80":{"start":{"line":148,"column":10},"end":{"line":148,"column":22}},"81":{"start":{"line":149,"column":10},"end":{"line":149,"column":24}},"82":{"start":{"line":151,"column":8},"end":{"line":151,"column":14}},"83":{"start":{"line":154,"column":8},"end":{"line":154,"column":39}},"84":{"start":{"line":154,"column":27},"end":{"line":154,"column":39}},"85":{"start":{"line":155,"column":8},"end":{"line":155,"column":14}},"86":{"start":{"line":158,"column":8},"end":{"line":158,"column":56}},"87":{"start":{"line":158,"column":44},"end":{"line":158,"column":56}},"88":{"start":{"line":159,"column":8},"end":{"line":159,"column":14}},"89":{"start":{"line":161,"column":4},"end":{"line":161,"column":81}},"90":{"start":{"line":162,"column":19},"end":{"line":162,"column":39}},"91":{"start":{"line":163,"column":4},"end":{"line":165,"column":5}},"92":{"start":{"line":164,"column":6},"end":{"line":164,"column":25}},"93":{"start":{"line":169,"column":4},"end":{"line":169,"column":27}},"94":{"start":{"line":170,"column":19},"end":{"line":170,"column":101}},"95":{"start":{"line":171,"column":14},"end":{"line":171,"column":27}},"96":{"start":{"line":172,"column":20},"end":{"line":172,"column":60}},"97":{"start":{"line":173,"column":4},"end":{"line":173,"column":57}},"98":{"start":{"line":173,"column":33},"end":{"line":173,"column":57}},"99":{"start":{"line":174,"column":4},"end":{"line":174,"column":42}},"100":{"start":{"line":175,"column":4},"end":{"line":183,"column":5}},"101":{"start":{"line":176,"column":6},"end":{"line":182,"column":7}},"102":{"start":{"line":177,"column":8},"end":{"line":177,"column":29}},"103":{"start":{"line":178,"column":8},"end":{"line":178,"column":14}},"104":{"start":{"line":180,"column":8},"end":{"line":180,"column":25}},"105":{"start":{"line":181,"column":8},"end":{"line":181,"column":14}},"106":{"start":{"line":184,"column":4},"end":{"line":184,"column":26}},"107":{"start":{"line":185,"column":4},"end":{"line":185,"column":24}},"108":{"start":{"line":188,"column":4},"end":{"line":188,"column":26}},"109":{"start":{"line":189,"column":4},"end":{"line":189,"column":131}},"110":{"start":{"line":193,"column":4},"end":{"line":218,"column":5}},"111":{"start":{"line":193,"column":17},"end":{"line":193,"column":18}},"112":{"start":{"line":194,"column":20},"end":{"line":194,"column":37}},"113":{"start":{"line":195,"column":6},"end":{"line":215,"column":7}},"114":{"start":{"line":196,"column":8},"end":{"line":209,"column":9}},"115":{"start":{"line":197,"column":26},"end":{"line":197,"column":65}},"116":{"start":{"line":198,"column":26},"end":{"line":198,"column":40}},"117":{"start":{"line":199,"column":10},"end":{"line":199,"column":75}},"118":{"start":{"line":199,"column":45},"end":{"line":199,"column":75}},"119":{"start":{"line":200,"column":24},"end":{"line":200,"column":69}},"120":{"start":{"line":201,"column":10},"end":{"line":204,"column":11}},"121":{"start":{"line":202,"column":12},"end":{"line":202,"column":29}},"122":{"start":{"line":203,"column":12},"end":{"line":203,"column":22}},"123":{"start":{"line":205,"column":10},"end":{"line":205,"column":49}},"124":{"start":{"line":205,"column":32},"end":{"line":205,"column":49}},"125":{"start":{"line":206,"column":10},"end":{"line":206,"column":31}},"126":{"start":{"line":208,"column":10},"end":{"line":208,"column":27}},"127":{"start":{"line":211,"column":18},"end":{"line":211,"column":63}},"128":{"start":{"line":212,"column":8},"end":{"line":212,"column":29}},"129":{"start":{"line":212,"column":21},"end":{"line":212,"column":29}},"130":{"start":{"line":213,"column":8},"end":{"line":213,"column":61}},"131":{"start":{"line":213,"column":37},"end":{"line":213,"column":61}},"132":{"start":{"line":214,"column":8},"end":{"line":214,"column":90}},"133":{"start":{"line":216,"column":6},"end":{"line":216,"column":28}},"134":{"start":{"line":217,"column":6},"end":{"line":217,"column":26}},"135":{"start":{"line":222,"column":4},"end":{"line":222,"column":25}},"136":{"start":{"line":223,"column":4},"end":{"line":225,"column":5}},"137":{"start":{"line":224,"column":6},"end":{"line":224,"column":24}},"138":{"start":{"line":226,"column":4},"end":{"line":226,"column":31}},"139":{"start":{"line":227,"column":4},"end":{"line":227,"column":64}},"140":{"start":{"line":230,"column":0},"end":{"line":234,"column":1}},"141":{"start":{"line":231,"column":2},"end":{"line":231,"column":24}},"142":{"start":{"line":233,"column":2},"end":{"line":233,"column":21}}},"fnMap":{"0":{"name":"(anonymous_0)","decl":{"start":{"line":8,"column":2},"end":{"line":8,"column":3}},"loc":{"start":{"line":8,"column":20},"end":{"line":25,"column":3}},"line":8},"1":{"name":"(anonymous_1)","decl":{"start":{"line":23,"column":15},"end":{"line":23,"column":16}},"loc":{"start":{"line":23,"column":21},"end":{"line":23,"column":42}},"line":23},"2":{"name":"(anonymous_2)","decl":{"start":{"line":26,"column":2},"end":{"line":26,"column":3}},"loc":{"start":{"line":26,"column":18},"end":{"line":30,"column":3}},"line":26},"3":{"name":"(anonymous_3)","decl":{"start":{"line":32,"column":2},"end":{"line":32,"column":3}},"loc":{"start":{"line":32,"column":19},"end":{"line":37,"column":3}},"line":32},"4":{"name":"(anonymous_4)","decl":{"start":{"line":39,"column":2},"end":{"line":39,"column":3}},"loc":{"start":{"line":39,"column":15},"end":{"line":42,"column":3}},"line":39},"5":{"name":"(anonymous_5)","decl":{"start":{"line":41,"column":36},"end":{"line":41,"column":37}},"loc":{"start":{"line":41,"column":45},"end":{"line":41,"column":89}},"line":41},"6":{"name":"(anonymous_6)","decl":{"start":{"line":44,"column":2},"end":{"line":44,"column":3}},"loc":{"start":{"line":44,"column":28},"end":{"line":53,"column":3}},"line":44},"7":{"name":"(anonymous_7)","decl":{"start":{"line":55,"column":2},"end":{"line":55,"column":3}},"loc":{"start":{"line":55,"column":17},"end":{"line":72,"column":3}},"line":55},"8":{"name":"(anonymous_8)","decl":{"start":{"line":74,"column":2},"end":{"line":74,"column":3}},"loc":{"start":{"line":74,"column":24},"end":{"line":85,"column":3}},"line":74},"9":{"name":"(anonymous_9)","decl":{"start":{"line":87,"column":2},"end":{"line":87,"column":3}},"loc":{"start":{"line":87,"column":26},"end":{"line":129,"column":3}},"line":87},"10":{"name":"(anonymous_10)","decl":{"start":{"line":131,"column":2},"end":{"line":131,"column":3}},"loc":{"start":{"line":131,"column":24},"end":{"line":166,"column":3}},"line":131},"11":{"name":"(anonymous_11)","decl":{"start":{"line":168,"column":2},"end":{"line":168,"column":3}},"loc":{"start":{"line":168,"column":24},"end":{"line":186,"column":3}},"line":168},"12":{"name":"(anonymous_12)","decl":{"start":{"line":187,"column":2},"end":{"line":187,"column":3}},"loc":{"start":{"line":187,"column":25},"end":{"line":190,"column":3}},"line":187},"13":{"name":"(anonymous_13)","decl":{"start":{"line":192,"column":2},"end":{"line":192,"column":3}},"loc":{"start":{"line":192,"column":19},"end":{"line":219,"column":3}},"line":192},"14":{"name":"(anonymous_14)","decl":{"start":{"line":221,"column":2},"end":{"line":221,"column":3}},"loc":{"start":{"line":221,"column":9},"end":{"line":228,"column":3}},"line":221}},"branchMap":{"0":{"loc":{"start":{"line":20,"column":16},"end":{"line":20,"column":61}},"type":"cond-expr","locations":[{"start":{"line":20,"column":42},"end":{"line":20,"column":49}},{"start":{"line":20,"column":52},"end":{"line":20,"column":61}}],"line":20},"1":{"loc":{"start":{"line":20,"column":16},"end":{"line":20,"column":39}},"type":"binary-expr","locations":[{"start":{"line":20,"column":16},"end":{"line":20,"column":20}},{"start":{"line":20,"column":24},"end":{"line":20,"column":39}}],"line":20},"2":{"loc":{"start":{"line":27,"column":4},"end":{"line":29,"column":5}},"type":"if","locations":[{"start":{"line":27,"column":4},"end":{"line":29,"column":5}},{"start":{"line":27,"column":4},"end":{"line":29,"column":5}}],"line":27},"3":{"loc":{"start":{"line":33,"column":4},"end":{"line":36,"column":5}},"type":"if","locations":[{"start":{"line":33,"column":4},"end":{"line":36,"column":5}},{"start":{"line":33,"column":4},"end":{"line":36,"column":5}}],"line":33},"4":{"loc":{"start":{"line":48,"column":6},"end":{"line":49,"column":57}},"type":"if","locations":[{"start":{"line":48,"column":6},"end":{"line":49,"column":57}},{"start":{"line":48,"column":6},"end":{"line":49,"column":57}}],"line":48},"5":{"loc":{"start":{"line":57,"column":4},"end":{"line":59,"column":5}},"type":"if","locations":[{"start":{"line":57,"column":4},"end":{"line":59,"column":5}},{"start":{"line":57,"column":4},"end":{"line":59,"column":5}}],"line":57},"6":{"loc":{"start":{"line":60,"column":4},"end":{"line":62,"column":5}},"type":"if","locations":[{"start":{"line":60,"column":4},"end":{"line":62,"column":5}},{"start":{"line":60,"column":4},"end":{"line":62,"column":5}}],"line":60},"7":{"loc":{"start":{"line":63,"column":4},"end":{"line":65,"column":5}},"type":"if","locations":[{"start":{"line":63,"column":4},"end":{"line":65,"column":5}},{"start":{"line":63,"column":4},"end":{"line":65,"column":5}}],"line":63},"8":{"loc":{"start":{"line":66,"column":4},"end":{"line":68,"column":5}},"type":"if","locations":[{"start":{"line":66,"column":4},"end":{"line":68,"column":5}},{"start":{"line":66,"column":4},"end":{"line":68,"column":5}}],"line":66},"9":{"loc":{"start":{"line":69,"column":4},"end":{"line":71,"column":5}},"type":"if","locations":[{"start":{"line":69,"column":4},"end":{"line":71,"column":5}},{"start":{"line":69,"column":4},"end":{"line":71,"column":5}}],"line":69},"10":{"loc":{"start":{"line":88,"column":4},"end":{"line":127,"column":5}},"type":"switch","locations":[{"start":{"line":89,"column":6},"end":{"line":97,"column":14}},{"start":{"line":98,"column":6},"end":{"line":100,"column":14}},{"start":{"line":101,"column":6},"end":{"line":105,"column":14}},{"start":{"line":106,"column":6},"end":{"line":107,"column":34}},{"start":{"line":108,"column":6},"end":{"line":117,"column":14}},{"start":{"line":118,"column":6},"end":{"line":118,"column":15}},{"start":{"line":119,"column":6},"end":{"line":119,"column":18}},{"start":{"line":120,"column":6},"end":{"line":120,"column":15}},{"start":{"line":121,"column":6},"end":{"line":121,"column":19}},{"start":{"line":122,"column":6},"end":{"line":122,"column":15}},{"start":{"line":123,"column":6},"end":{"line":123,"column":16}},{"start":{"line":124,"column":6},"end":{"line":124,"column":15}},{"start":{"line":125,"column":6},"end":{"line":126,"column":40}}],"line":88},"11":{"loc":{"start":{"line":90,"column":8},"end":{"line":96,"column":9}},"type":"if","locations":[{"start":{"line":90,"column":8},"end":{"line":96,"column":9}},{"start":{"line":90,"column":8},"end":{"line":96,"column":9}}],"line":90},"12":{"loc":{"start":{"line":103,"column":10},"end":{"line":103,"column":88}},"type":"if","locations":[{"start":{"line":103,"column":10},"end":{"line":103,"column":88}},{"start":{"line":103,"column":10},"end":{"line":103,"column":88}}],"line":103},"13":{"loc":{"start":{"line":110,"column":10},"end":{"line":113,"column":11}},"type":"if","locations":[{"start":{"line":110,"column":10},"end":{"line":113,"column":11}},{"start":{"line":110,"column":10},"end":{"line":113,"column":11}}],"line":110},"14":{"loc":{"start":{"line":112,"column":12},"end":{"line":112,"column":79}},"type":"if","locations":[{"start":{"line":112,"column":12},"end":{"line":112,"column":79}},{"start":{"line":112,"column":12},"end":{"line":112,"column":79}}],"line":112},"15":{"loc":{"start":{"line":115,"column":48},"end":{"line":115,"column":84}},"type":"cond-expr","locations":[{"start":{"line":115,"column":71},"end":{"line":115,"column":75}},{"start":{"line":115,"column":78},"end":{"line":115,"column":84}}],"line":115},"16":{"loc":{"start":{"line":132,"column":14},"end":{"line":132,"column":84}},"type":"cond-expr","locations":[{"start":{"line":132,"column":50},"end":{"line":132,"column":59}},{"start":{"line":132,"column":62},"end":{"line":132,"column":84}}],"line":132},"17":{"loc":{"start":{"line":133,"column":4},"end":{"line":160,"column":5}},"type":"switch","locations":[{"start":{"line":134,"column":6},"end":{"line":134,"column":15}},{"start":{"line":135,"column":6},"end":{"line":142,"column":14}},{"start":{"line":143,"column":6},"end":{"line":143,"column":15}},{"start":{"line":144,"column":6},"end":{"line":151,"column":14}},{"start":{"line":152,"column":6},"end":{"line":152,"column":15}},{"start":{"line":153,"column":6},"end":{"line":155,"column":14}},{"start":{"line":156,"column":6},"end":{"line":156,"column":15}},{"start":{"line":157,"column":6},"end":{"line":159,"column":14}}],"line":133},"18":{"loc":{"start":{"line":136,"column":8},"end":{"line":141,"column":9}},"type":"if","locations":[{"start":{"line":136,"column":8},"end":{"line":141,"column":9}},{"start":{"line":136,"column":8},"end":{"line":141,"column":9}}],"line":136},"19":{"loc":{"start":{"line":138,"column":15},"end":{"line":141,"column":9}},"type":"if","locations":[{"start":{"line":138,"column":15},"end":{"line":141,"column":9}},{"start":{"line":138,"column":15},"end":{"line":141,"column":9}}],"line":138},"20":{"loc":{"start":{"line":145,"column":8},"end":{"line":150,"column":9}},"type":"if","locations":[{"start":{"line":145,"column":8},"end":{"line":150,"column":9}},{"start":{"line":145,"column":8},"end":{"line":150,"column":9}}],"line":145},"21":{"loc":{"start":{"line":145,"column":12},"end":{"line":145,"column":41}},"type":"binary-expr","locations":[{"start":{"line":145,"column":12},"end":{"line":145,"column":15}},{"start":{"line":145,"column":19},"end":{"line":145,"column":41}}],"line":145},"22":{"loc":{"start":{"line":147,"column":15},"end":{"line":150,"column":9}},"type":"if","locations":[{"start":{"line":147,"column":15},"end":{"line":150,"column":9}},{"start":{"line":147,"column":15},"end":{"line":150,"column":9}}],"line":147},"23":{"loc":{"start":{"line":147,"column":19},"end":{"line":147,"column":63}},"type":"binary-expr","locations":[{"start":{"line":147,"column":19},"end":{"line":147,"column":36}},{"start":{"line":147,"column":40},"end":{"line":147,"column":63}}],"line":147},"24":{"loc":{"start":{"line":154,"column":8},"end":{"line":154,"column":39}},"type":"if","locations":[{"start":{"line":154,"column":8},"end":{"line":154,"column":39}},{"start":{"line":154,"column":8},"end":{"line":154,"column":39}}],"line":154},"25":{"loc":{"start":{"line":158,"column":8},"end":{"line":158,"column":56}},"type":"if","locations":[{"start":{"line":158,"column":8},"end":{"line":158,"column":56}},{"start":{"line":158,"column":8},"end":{"line":158,"column":56}}],"line":158},"26":{"loc":{"start":{"line":161,"column":10},"end":{"line":161,"column":80}},"type":"cond-expr","locations":[{"start":{"line":161,"column":46},"end":{"line":161,"column":55}},{"start":{"line":161,"column":58},"end":{"line":161,"column":80}}],"line":161},"27":{"loc":{"start":{"line":162,"column":19},"end":{"line":162,"column":39}},"type":"cond-expr","locations":[{"start":{"line":162,"column":25},"end":{"line":162,"column":35}},{"start":{"line":162,"column":38},"end":{"line":162,"column":39}}],"line":162},"28":{"loc":{"start":{"line":163,"column":4},"end":{"line":165,"column":5}},"type":"if","locations":[{"start":{"line":163,"column":4},"end":{"line":165,"column":5}},{"start":{"line":163,"column":4},"end":{"line":165,"column":5}}],"line":163},"29":{"loc":{"start":{"line":170,"column":22},"end":{"line":170,"column":69}},"type":"cond-expr","locations":[{"start":{"line":170,"column":40},"end":{"line":170,"column":55}},{"start":{"line":170,"column":58},"end":{"line":170,"column":69}}],"line":170},"30":{"loc":{"start":{"line":173,"column":4},"end":{"line":173,"column":57}},"type":"if","locations":[{"start":{"line":173,"column":4},"end":{"line":173,"column":57}},{"start":{"line":173,"column":4},"end":{"line":173,"column":57}}],"line":173},"31":{"loc":{"start":{"line":176,"column":6},"end":{"line":182,"column":7}},"type":"if","locations":[{"start":{"line":176,"column":6},"end":{"line":182,"column":7}},{"start":{"line":176,"column":6},"end":{"line":182,"column":7}}],"line":176},"32":{"loc":{"start":{"line":189,"column":17},"end":{"line":189,"column":130}},"type":"cond-expr","locations":[{"start":{"line":189,"column":63},"end":{"line":189,"column":111}},{"start":{"line":189,"column":114},"end":{"line":189,"column":130}}],"line":189},"33":{"loc":{"start":{"line":195,"column":6},"end":{"line":215,"column":7}},"type":"if","locations":[{"start":{"line":195,"column":6},"end":{"line":215,"column":7}},{"start":{"line":195,"column":6},"end":{"line":215,"column":7}}],"line":195},"34":{"loc":{"start":{"line":196,"column":8},"end":{"line":209,"column":9}},"type":"if","locations":[{"start":{"line":196,"column":8},"end":{"line":209,"column":9}},{"start":{"line":196,"column":8},"end":{"line":209,"column":9}}],"line":196},"35":{"loc":{"start":{"line":196,"column":12},"end":{"line":196,"column":75}},"type":"binary-expr","locations":[{"start":{"line":196,"column":12},"end":{"line":196,"column":35}},{"start":{"line":196,"column":39},"end":{"line":196,"column":75}}],"line":196},"36":{"loc":{"start":{"line":199,"column":10},"end":{"line":199,"column":75}},"type":"if","locations":[{"start":{"line":199,"column":10},"end":{"line":199,"column":75}},{"start":{"line":199,"column":10},"end":{"line":199,"column":75}}],"line":199},"37":{"loc":{"start":{"line":201,"column":10},"end":{"line":204,"column":11}},"type":"if","locations":[{"start":{"line":201,"column":10},"end":{"line":204,"column":11}},{"start":{"line":201,"column":10},"end":{"line":204,"column":11}}],"line":201},"38":{"loc":{"start":{"line":212,"column":8},"end":{"line":212,"column":29}},"type":"if","locations":[{"start":{"line":212,"column":8},"end":{"line":212,"column":29}},{"start":{"line":212,"column":8},"end":{"line":212,"column":29}}],"line":212},"39":{"loc":{"start":{"line":213,"column":8},"end":{"line":213,"column":61}},"type":"if","locations":[{"start":{"line":213,"column":8},"end":{"line":213,"column":61}},{"start":{"line":213,"column":8},"end":{"line":213,"column":61}}],"line":213},"40":{"loc":{"start":{"line":223,"column":4},"end":{"line":225,"column":5}},"type":"if","locations":[{"start":{"line":223,"column":4},"end":{"line":225,"column":5}},{"start":{"line":223,"column":4},"end":{"line":225,"column":5}}],"line":223},"41":{"loc":{"start":{"line":230,"column":0},"end":{"line":234,"column":1}},"type":"if","locations":[{"start":{"line":230,"column":0},"end":{"line":234,"column":1}},{"start":{"line":230,"column":0},"end":{"line":234,"column":1}}],"line":230},"42":{"loc":{"start":{"line":230,"column":4},"end":{"line":230,"column":74}},"type":"binary-expr","locations":[{"start":{"line":230,"column":4},"end":{"line":230,"column":33}},{"start":{"line":230,"column":37},"end":{"line":230,"column":74}}],"line":230}},"s":{"0":1,"1":1,"2":1,"3":1,"4":1,"5":13,"6":13,"7":13,"8":0,"9":13,"10":0,"11":0,"12":0,"13":0,"14":0,"15":3,"16":2,"17":42,"18":17,"19":17,"20":90,"21":0,"22":90,"23":17,"24":18,"25":18,"26":17,"27":18,"28":2,"29":18,"30":3,"31":18,"32":3,"33":18,"34":3,"35":0,"36":0,"37":0,"38":0,"39":0,"40":0,"41":0,"42":0,"43":0,"44":0,"45":18,"46":0,"47":0,"48":0,"49":0,"50":0,"51":0,"52":0,"53":1,"54":1,"55":2,"56":2,"57":2,"58":2,"59":4,"60":2,"61":2,"62":0,"63":4,"64":4,"65":40,"66":4,"67":11,"68":18,"69":51,"70":51,"71":2,"72":1,"73":1,"74":1,"75":1,"76":2,"77":3,"78":2,"79":1,"80":1,"81":1,"82":3,"83":22,"84":14,"85":22,"86":24,"87":15,"88":24,"89":51,"90":51,"91":51,"92":1,"93":1,"94":1,"95":1,"96":1,"97":1,"98":0,"99":1,"100":1,"101":0,"102":0,"103":0,"104":0,"105":0,"106":1,"107":1,"108":1,"109":1,"110":3,"111":3,"112":210,"113":210,"114":210,"115":3,"116":3,"117":3,"118":1,"119":3,"120":3,"121":2,"122":2,"123":3,"124":70,"125":3,"126":207,"127":0,"128":0,"129":0,"130":0,"131":0,"132":0,"133":210,"134":210,"135":0,"136":0,"137":0,"138":0,"139":0,"140":1,"141":1,"142":0},"f":{"0":13,"1":0,"2":0,"3":0,"4":3,"5":42,"6":17,"7":18,"8":0,"9":18,"10":51,"11":1,"12":1,"13":3,"14":0},"b":{"0":[7,6],"1":[13,8],"2":[0,0],"3":[0,0],"4":[0,90],"5":[17,1],"6":[2,16],"7":[3,15],"8":[3,15],"9":[3,15],"10":[0,1,2,2,4,0,2,2,5,5,7,7,11],"11":[0,0],"12":[2,0],"13":[2,2],"14":[0,2],"15":[20,20],"16":[10,41],"17":[0,2,0,3,0,22,0,24],"18":[1,1],"19":[1,0],"20":[2,1],"21":[3,3],"22":[1,0],"23":[1,1],"24":[14,8],"25":[15,9],"26":[10,41],"27":[32,19],"28":[1,50],"29":[1,0],"30":[0,1],"31":[0,0],"32":[0,1],"33":[210,0],"34":[3,207],"35":[210,210],"36":[1,2],"37":[2,1],"38":[0,0],"39":[0,0],"40":[0,0],"41":[1,0],"42":[1,1]},"_coverageSchema":"1a1c01bbd47fc00a2c39e90264f33305004495a9","hash":"90f001d4fd20587ccc51738f1a6f90012a6b6c74"}
}
