{"/home/runner/work/kilo-editor/kilo-editor/src/kilo.js": {"path":"/home/runner/work/kilo-editor/kilo-editor/src/kilo.js","statementMap":{"0":{"start":{"line":1,"column":17},"end":{"line":1,"column":36}},"1":{"start":{"line":2,"column":12},"end":{"line":2,"column":33}},"2":{"start":{"line":3,"column":11},"end":{"line":3,"column":24}},"3":{"start":{"line":4,"column":11},"end":{"line":4,"column":24}},"4":{"start":{"line":5,"column":22},"end":{"line":5,"column":23}},"5":{"start":{"line":6,"column":19},"end":{"line":6,"column":20}},"6":{"start":{"line":23,"column":4},"end":{"line":23,"column":47}},"7":{"start":{"line":24,"column":4},"end":{"line":36,"column":6}},"8":{"start":{"line":37,"column":4},"end":{"line":37,"column":50}},"9":{"start":{"line":37,"column":21},"end":{"line":37,"column":42}},"10":{"start":{"line":38,"column":4},"end":{"line":38,"column":19}},"11":{"start":{"line":47,"column":4},"end":{"line":47,"column":19}},"12":{"start":{"line":48,"column":4},"end":{"line":48,"column":39}},"13":{"start":{"line":49,"column":4},"end":{"line":49,"column":38}},"14":{"start":{"line":50,"column":4},"end":{"line":50,"column":26}},"15":{"start":{"line":51,"column":4},"end":{"line":51,"column":21}},"16":{"start":{"line":52,"column":4},"end":{"line":52,"column":20}},"17":{"start":{"line":60,"column":4},"end":{"line":62,"column":5}},"18":{"start":{"line":61,"column":6},"end":{"line":61,"column":37}},"19":{"start":{"line":70,"column":4},"end":{"line":73,"column":5}},"20":{"start":{"line":71,"column":6},"end":{"line":71,"column":38}},"21":{"start":{"line":72,"column":6},"end":{"line":72,"column":29}},"22":{"start":{"line":88,"column":4},"end":{"line":88,"column":80}},"23":{"start":{"line":89,"column":4},"end":{"line":89,"column":91}},"24":{"start":{"line":89,"column":45},"end":{"line":89,"column":89}},"25":{"start":{"line":104,"column":13},"end":{"line":104,"column":14}},"26":{"start":{"line":106,"column":18},"end":{"line":106,"column":34}},"27":{"start":{"line":107,"column":4},"end":{"line":113,"column":5}},"28":{"start":{"line":108,"column":6},"end":{"line":109,"column":57}},"29":{"start":{"line":109,"column":8},"end":{"line":109,"column":57}},"30":{"start":{"line":110,"column":6},"end":{"line":111,"column":51}},"31":{"start":{"line":111,"column":8},"end":{"line":111,"column":51}},"32":{"start":{"line":112,"column":6},"end":{"line":112,"column":11}},"33":{"start":{"line":114,"column":4},"end":{"line":114,"column":14}},"34":{"start":{"line":128,"column":4},"end":{"line":128,"column":18}},"35":{"start":{"line":129,"column":4},"end":{"line":131,"column":5}},"36":{"start":{"line":130,"column":6},"end":{"line":130,"column":74}},"37":{"start":{"line":132,"column":4},"end":{"line":134,"column":5}},"38":{"start":{"line":133,"column":6},"end":{"line":133,"column":32}},"39":{"start":{"line":135,"column":4},"end":{"line":137,"column":5}},"40":{"start":{"line":136,"column":6},"end":{"line":136,"column":56}},"41":{"start":{"line":138,"column":4},"end":{"line":140,"column":5}},"42":{"start":{"line":139,"column":6},"end":{"line":139,"column":32}},"43":{"start":{"line":141,"column":4},"end":{"line":143,"column":5}},"44":{"start":{"line":142,"column":6},"end":{"line":142,"column":56}},"45":{"start":{"line":161,"column":4},"end":{"line":161,"column":24}},"46":{"start":{"line":162,"column":4},"end":{"line":162,"column":29}},"47":{"start":{"line":163,"column":4},"end":{"line":163,"column":26}},"48":{"start":{"line":164,"column":4},"end":{"line":164,"column":26}},"49":{"start":{"line":165,"column":4},"end":{"line":165,"column":31}},"50":{"start":{"line":166,"column":4},"end":{"line":166,"column":32}},"51":{"start":{"line":167,"column":4},"end":{"line":167,"column":95}},"52":{"start":{"line":168,"column":4},"end":{"line":168,"column":29}},"53":{"start":{"line":169,"column":4},"end":{"line":169,"column":54}},"54":{"start":{"line":170,"column":4},"end":{"line":170,"column":19}},"55":{"start":{"line":179,"column":4},"end":{"line":218,"column":5}},"56":{"start":{"line":181,"column":8},"end":{"line":187,"column":9}},"57":{"start":{"line":182,"column":10},"end":{"line":182,"column":25}},"58":{"start":{"line":183,"column":10},"end":{"line":183,"column":45}},"59":{"start":{"line":184,"column":10},"end":{"line":184,"column":44}},"60":{"start":{"line":185,"column":10},"end":{"line":185,"column":32}},"61":{"start":{"line":186,"column":10},"end":{"line":186,"column":25}},"62":{"start":{"line":188,"column":8},"end":{"line":188,"column":14}},"63":{"start":{"line":190,"column":8},"end":{"line":190,"column":22}},"64":{"start":{"line":191,"column":8},"end":{"line":191,"column":14}},"65":{"start":{"line":194,"column":10},"end":{"line":194,"column":88}},"66":{"start":{"line":194,"column":46},"end":{"line":194,"column":88}},"67":{"start":{"line":196,"column":8},"end":{"line":196,"column":14}},"68":{"start":{"line":198,"column":8},"end":{"line":198,"column":34}},"69":{"start":{"line":201,"column":10},"end":{"line":204,"column":11}},"70":{"start":{"line":202,"column":12},"end":{"line":202,"column":62}},"71":{"start":{"line":203,"column":12},"end":{"line":203,"column":79}},"72":{"start":{"line":203,"column":48},"end":{"line":203,"column":79}},"73":{"start":{"line":205,"column":22},"end":{"line":205,"column":39}},"74":{"start":{"line":206,"column":10},"end":{"line":206,"column":86}},"75":{"start":{"line":206,"column":26},"end":{"line":206,"column":86}},"76":{"start":{"line":208,"column":8},"end":{"line":208,"column":14}},"77":{"start":{"line":217,"column":8},"end":{"line":217,"column":40}},"78":{"start":{"line":219,"column":4},"end":{"line":219,"column":31}},"79":{"start":{"line":227,"column":14},"end":{"line":227,"column":84}},"80":{"start":{"line":228,"column":4},"end":{"line":255,"column":5}},"81":{"start":{"line":231,"column":8},"end":{"line":236,"column":9}},"82":{"start":{"line":232,"column":10},"end":{"line":232,"column":22}},"83":{"start":{"line":233,"column":15},"end":{"line":236,"column":9}},"84":{"start":{"line":234,"column":10},"end":{"line":234,"column":22}},"85":{"start":{"line":235,"column":10},"end":{"line":235,"column":52}},"86":{"start":{"line":237,"column":8},"end":{"line":237,"column":14}},"87":{"start":{"line":240,"column":8},"end":{"line":245,"column":9}},"88":{"start":{"line":241,"column":10},"end":{"line":241,"column":22}},"89":{"start":{"line":242,"column":15},"end":{"line":245,"column":9}},"90":{"start":{"line":243,"column":10},"end":{"line":243,"column":22}},"91":{"start":{"line":244,"column":10},"end":{"line":244,"column":24}},"92":{"start":{"line":246,"column":8},"end":{"line":246,"column":14}},"93":{"start":{"line":249,"column":8},"end":{"line":249,"column":39}},"94":{"start":{"line":249,"column":27},"end":{"line":249,"column":39}},"95":{"start":{"line":250,"column":8},"end":{"line":250,"column":14}},"96":{"start":{"line":253,"column":8},"end":{"line":253,"column":56}},"97":{"start":{"line":253,"column":44},"end":{"line":253,"column":56}},"98":{"start":{"line":254,"column":8},"end":{"line":254,"column":14}},"99":{"start":{"line":256,"column":4},"end":{"line":256,"column":81}},"100":{"start":{"line":257,"column":19},"end":{"line":257,"column":39}},"101":{"start":{"line":258,"column":4},"end":{"line":260,"column":5}},"102":{"start":{"line":259,"column":6},"end":{"line":259,"column":25}},"103":{"start":{"line":267,"column":4},"end":{"line":267,"column":27}},"104":{"start":{"line":268,"column":19},"end":{"line":268,"column":101}},"105":{"start":{"line":269,"column":14},"end":{"line":269,"column":27}},"106":{"start":{"line":270,"column":20},"end":{"line":270,"column":60}},"107":{"start":{"line":271,"column":4},"end":{"line":271,"column":57}},"108":{"start":{"line":271,"column":33},"end":{"line":271,"column":57}},"109":{"start":{"line":272,"column":4},"end":{"line":272,"column":42}},"110":{"start":{"line":273,"column":4},"end":{"line":281,"column":5}},"111":{"start":{"line":274,"column":6},"end":{"line":280,"column":7}},"112":{"start":{"line":275,"column":8},"end":{"line":275,"column":29}},"113":{"start":{"line":276,"column":8},"end":{"line":276,"column":14}},"114":{"start":{"line":278,"column":8},"end":{"line":278,"column":25}},"115":{"start":{"line":279,"column":8},"end":{"line":279,"column":14}},"116":{"start":{"line":282,"column":4},"end":{"line":282,"column":26}},"117":{"start":{"line":283,"column":4},"end":{"line":283,"column":24}},"118":{"start":{"line":290,"column":4},"end":{"line":290,"column":26}},"119":{"start":{"line":291,"column":4},"end":{"line":291,"column":131}},"120":{"start":{"line":298,"column":4},"end":{"line":323,"column":5}},"121":{"start":{"line":298,"column":17},"end":{"line":298,"column":18}},"122":{"start":{"line":299,"column":20},"end":{"line":299,"column":37}},"123":{"start":{"line":300,"column":6},"end":{"line":320,"column":7}},"124":{"start":{"line":301,"column":8},"end":{"line":314,"column":9}},"125":{"start":{"line":302,"column":26},"end":{"line":302,"column":65}},"126":{"start":{"line":303,"column":26},"end":{"line":303,"column":40}},"127":{"start":{"line":304,"column":10},"end":{"line":304,"column":75}},"128":{"start":{"line":304,"column":45},"end":{"line":304,"column":75}},"129":{"start":{"line":305,"column":24},"end":{"line":305,"column":69}},"130":{"start":{"line":306,"column":10},"end":{"line":309,"column":11}},"131":{"start":{"line":307,"column":12},"end":{"line":307,"column":29}},"132":{"start":{"line":308,"column":12},"end":{"line":308,"column":22}},"133":{"start":{"line":310,"column":10},"end":{"line":310,"column":49}},"134":{"start":{"line":310,"column":32},"end":{"line":310,"column":49}},"135":{"start":{"line":311,"column":10},"end":{"line":311,"column":31}},"136":{"start":{"line":313,"column":10},"end":{"line":313,"column":27}},"137":{"start":{"line":316,"column":18},"end":{"line":316,"column":63}},"138":{"start":{"line":317,"column":8},"end":{"line":317,"column":29}},"139":{"start":{"line":317,"column":21},"end":{"line":317,"column":29}},"140":{"start":{"line":318,"column":8},"end":{"line":318,"column":61}},"141":{"start":{"line":318,"column":37},"end":{"line":318,"column":61}},"142":{"start":{"line":319,"column":8},"end":{"line":319,"column":90}},"143":{"start":{"line":321,"column":6},"end":{"line":321,"column":28}},"144":{"start":{"line":322,"column":6},"end":{"line":322,"column":26}},"145":{"start":{"line":330,"column":4},"end":{"line":339,"column":5}},"146":{"start":{"line":331,"column":6},"end":{"line":331,"column":27}},"147":{"start":{"line":332,"column":6},"end":{"line":334,"column":7}},"148":{"start":{"line":333,"column":8},"end":{"line":333,"column":26}},"149":{"start":{"line":335,"column":6},"end":{"line":335,"column":33}},"150":{"start":{"line":336,"column":6},"end":{"line":336,"column":66}},"151":{"start":{"line":338,"column":6},"end":{"line":338,"column":18}},"152":{"start":{"line":342,"column":0},"end":{"line":346,"column":1}},"153":{"start":{"line":343,"column":2},"end":{"line":343,"column":24}},"154":{"start":{"line":345,"column":2},"end":{"line":345,"column":21}}},"fnMap":{"0":{"name":"(anonymous_0)","decl":{"start":{"line":22,"column":2},"end":{"line":22,"column":3}},"loc":{"start":{"line":22,"column":20},"end":{"line":39,"column":3}},"line":22},"1":{"name":"(anonymous_1)","decl":{"start":{"line":37,"column":15},"end":{"line":37,"column":16}},"loc":{"start":{"line":37,"column":21},"end":{"line":37,"column":42}},"line":37},"2":{"name":"(anonymous_2)","decl":{"start":{"line":46,"column":2},"end":{"line":46,"column":3}},"loc":{"start":{"line":46,"column":8},"end":{"line":53,"column":3}},"line":46},"3":{"name":"(anonymous_3)","decl":{"start":{"line":59,"column":2},"end":{"line":59,"column":3}},"loc":{"start":{"line":59,"column":18},"end":{"line":63,"column":3}},"line":59},"4":{"name":"(anonymous_4)","decl":{"start":{"line":69,"column":2},"end":{"line":69,"column":3}},"loc":{"start":{"line":69,"column":19},"end":{"line":74,"column":3}},"line":69},"5":{"name":"(anonymous_5)","decl":{"start":{"line":87,"column":2},"end":{"line":87,"column":3}},"loc":{"start":{"line":87,"column":15},"end":{"line":90,"column":3}},"line":87},"6":{"name":"(anonymous_6)","decl":{"start":{"line":89,"column":36},"end":{"line":89,"column":37}},"loc":{"start":{"line":89,"column":45},"end":{"line":89,"column":89}},"line":89},"7":{"name":"(anonymous_7)","decl":{"start":{"line":103,"column":2},"end":{"line":103,"column":3}},"loc":{"start":{"line":103,"column":28},"end":{"line":115,"column":3}},"line":103},"8":{"name":"(anonymous_8)","decl":{"start":{"line":127,"column":2},"end":{"line":127,"column":3}},"loc":{"start":{"line":127,"column":17},"end":{"line":144,"column":3}},"line":127},"9":{"name":"(anonymous_9)","decl":{"start":{"line":160,"column":2},"end":{"line":160,"column":3}},"loc":{"start":{"line":160,"column":24},"end":{"line":171,"column":3}},"line":160},"10":{"name":"(anonymous_10)","decl":{"start":{"line":178,"column":2},"end":{"line":178,"column":3}},"loc":{"start":{"line":178,"column":26},"end":{"line":220,"column":3}},"line":178},"11":{"name":"(anonymous_11)","decl":{"start":{"line":226,"column":2},"end":{"line":226,"column":3}},"loc":{"start":{"line":226,"column":24},"end":{"line":261,"column":3}},"line":226},"12":{"name":"(anonymous_12)","decl":{"start":{"line":266,"column":2},"end":{"line":266,"column":3}},"loc":{"start":{"line":266,"column":24},"end":{"line":284,"column":3}},"line":266},"13":{"name":"(anonymous_13)","decl":{"start":{"line":289,"column":2},"end":{"line":289,"column":3}},"loc":{"start":{"line":289,"column":25},"end":{"line":292,"column":3}},"line":289},"14":{"name":"(anonymous_14)","decl":{"start":{"line":297,"column":2},"end":{"line":297,"column":3}},"loc":{"start":{"line":297,"column":19},"end":{"line":324,"column":3}},"line":297},"15":{"name":"(anonymous_15)","decl":{"start":{"line":329,"column":2},"end":{"line":329,"column":3}},"loc":{"start":{"line":329,"column":9},"end":{"line":340,"column":3}},"line":329}},"branchMap":{"0":{"loc":{"start":{"line":34,"column":16},"end":{"line":34,"column":61}},"type":"cond-expr","locations":[{"start":{"line":34,"column":42},"end":{"line":34,"column":49}},{"start":{"line":34,"column":52},"end":{"line":34,"column":61}}],"line":34},"1":{"loc":{"start":{"line":34,"column":16},"end":{"line":34,"column":39}},"type":"binary-expr","locations":[{"start":{"line":34,"column":16},"end":{"line":34,"column":20}},{"start":{"line":34,"column":24},"end":{"line":34,"column":39}}],"line":34},"2":{"loc":{"start":{"line":60,"column":4},"end":{"line":62,"column":5}},"type":"if","locations":[{"start":{"line":60,"column":4},"end":{"line":62,"column":5}},{"start":{"line":60,"column":4},"end":{"line":62,"column":5}}],"line":60},"3":{"loc":{"start":{"line":70,"column":4},"end":{"line":73,"column":5}},"type":"if","locations":[{"start":{"line":70,"column":4},"end":{"line":73,"column":5}},{"start":{"line":70,"column":4},"end":{"line":73,"column":5}}],"line":70},"4":{"loc":{"start":{"line":108,"column":6},"end":{"line":109,"column":57}},"type":"if","locations":[{"start":{"line":108,"column":6},"end":{"line":109,"column":57}},{"start":{"line":108,"column":6},"end":{"line":109,"column":57}}],"line":108},"5":{"loc":{"start":{"line":110,"column":6},"end":{"line":111,"column":51}},"type":"if","locations":[{"start":{"line":110,"column":6},"end":{"line":111,"column":51}},{"start":{"line":110,"column":6},"end":{"line":111,"column":51}}],"line":110},"6":{"loc":{"start":{"line":129,"column":4},"end":{"line":131,"column":5}},"type":"if","locations":[{"start":{"line":129,"column":4},"end":{"line":131,"column":5}},{"start":{"line":129,"column":4},"end":{"line":131,"column":5}}],"line":129},"7":{"loc":{"start":{"line":132,"column":4},"end":{"line":134,"column":5}},"type":"if","locations":[{"start":{"line":132,"column":4},"end":{"line":134,"column":5}},{"start":{"line":132,"column":4},"end":{"line":134,"column":5}}],"line":132},"8":{"loc":{"start":{"line":135,"column":4},"end":{"line":137,"column":5}},"type":"if","locations":[{"start":{"line":135,"column":4},"end":{"line":137,"column":5}},{"start":{"line":135,"column":4},"end":{"line":137,"column":5}}],"line":135},"9":{"loc":{"start":{"line":138,"column":4},"end":{"line":140,"column":5}},"type":"if","locations":[{"start":{"line":138,"column":4},"end":{"line":140,"column":5}},{"start":{"line":138,"column":4},"end":{"line":140,"column":5}}],"line":138},"10":{"loc":{"start":{"line":141,"column":4},"end":{"line":143,"column":5}},"type":"if","locations":[{"start":{"line":141,"column":4},"end":{"line":143,"column":5}},{"start":{"line":141,"column":4},"end":{"line":143,"column":5}}],"line":141},"11":{"loc":{"start":{"line":179,"column":4},"end":{"line":218,"column":5}},"type":"switch","locations":[{"start":{"line":180,"column":6},"end":{"line":188,"column":14}},{"start":{"line":189,"column":6},"end":{"line":191,"column":14}},{"start":{"line":192,"column":6},"end":{"line":196,"column":14}},{"start":{"line":197,"column":6},"end":{"line":198,"column":34}},{"start":{"line":199,"column":6},"end":{"line":208,"column":14}},{"start":{"line":209,"column":6},"end":{"line":209,"column":15}},{"start":{"line":210,"column":6},"end":{"line":210,"column":18}},{"start":{"line":211,"column":6},"end":{"line":211,"column":15}},{"start":{"line":212,"column":6},"end":{"line":212,"column":19}},{"start":{"line":213,"column":6},"end":{"line":213,"column":15}},{"start":{"line":214,"column":6},"end":{"line":214,"column":16}},{"start":{"line":215,"column":6},"end":{"line":215,"column":15}},{"start":{"line":216,"column":6},"end":{"line":217,"column":40}}],"line":179},"12":{"loc":{"start":{"line":181,"column":8},"end":{"line":187,"column":9}},"type":"if","locations":[{"start":{"line":181,"column":8},"end":{"line":187,"column":9}},{"start":{"line":181,"column":8},"end":{"line":187,"column":9}}],"line":181},"13":{"loc":{"start":{"line":194,"column":10},"end":{"line":194,"column":88}},"type":"if","locations":[{"start":{"line":194,"column":10},"end":{"line":194,"column":88}},{"start":{"line":194,"column":10},"end":{"line":194,"column":88}}],"line":194},"14":{"loc":{"start":{"line":201,"column":10},"end":{"line":204,"column":11}},"type":"if","locations":[{"start":{"line":201,"column":10},"end":{"line":204,"column":11}},{"start":{"line":201,"column":10},"end":{"line":204,"column":11}}],"line":201},"15":{"loc":{"start":{"line":203,"column":12},"end":{"line":203,"column":79}},"type":"if","locations":[{"start":{"line":203,"column":12},"end":{"line":203,"column":79}},{"start":{"line":203,"column":12},"end":{"line":203,"column":79}}],"line":203},"16":{"loc":{"start":{"line":206,"column":48},"end":{"line":206,"column":84}},"type":"cond-expr","locations":[{"start":{"line":206,"column":71},"end":{"line":206,"column":75}},{"start":{"line":206,"column":78},"end":{"line":206,"column":84}}],"line":206},"17":{"loc":{"start":{"line":227,"column":14},"end":{"line":227,"column":84}},"type":"cond-expr","locations":[{"start":{"line":227,"column":50},"end":{"line":227,"column":59}},{"start":{"line":227,"column":62},"end":{"line":227,"column":84}}],"line":227},"18":{"loc":{"start":{"line":228,"column":4},"end":{"line":255,"column":5}},"type":"switch","locations":[{"start":{"line":229,"column":6},"end":{"line":229,"column":15}},{"start":{"line":230,"column":6},"end":{"line":237,"column":14}},{"start":{"line":238,"column":6},"end":{"line":238,"column":15}},{"start":{"line":239,"column":6},"end":{"line":246,"column":14}},{"start":{"line":247,"column":6},"end":{"line":247,"column":15}},{"start":{"line":248,"column":6},"end":{"line":250,"column":14}},{"start":{"line":251,"column":6},"end":{"line":251,"column":15}},{"start":{"line":252,"column":6},"end":{"line":254,"column":14}}],"line":228},"19":{"loc":{"start":{"line":231,"column":8},"end":{"line":236,"column":9}},"type":"if","locations":[{"start":{"line":231,"column":8},"end":{"line":236,"column":9}},{"start":{"line":231,"column":8},"end":{"line":236,"column":9}}],"line":231},"20":{"loc":{"start":{"line":233,"column":15},"end":{"line":236,"column":9}},"type":"if","locations":[{"start":{"line":233,"column":15},"end":{"line":236,"column":9}},{"start":{"line":233,"column":15},"end":{"line":236,"column":9}}],"line":233},"21":{"loc":{"start":{"line":240,"column":8},"end":{"line":245,"column":9}},"type":"if","locations":[{"start":{"line":240,"column":8},"end":{"line":245,"column":9}},{"start":{"line":240,"column":8},"end":{"line":245,"column":9}}],"line":240},"22":{"loc":{"start":{"line":240,"column":12},"end":{"line":240,"column":41}},"type":"binary-expr","locations":[{"start":{"line":240,"column":12},"end":{"line":240,"column":15}},{"start":{"line":240,"column":19},"end":{"line":240,"column":41}}],"line":240},"23":{"loc":{"start":{"line":242,"column":15},"end":{"line":245,"column":9}},"type":"if","locations":[{"start":{"line":242,"column":15},"end":{"line":245,"column":9}},{"start":{"line":242,"column":15},"end":{"line":245,"column":9}}],"line":242},"24":{"loc":{"start":{"line":242,"column":19},"end":{"line":242,"column":63}},"type":"binary-expr","locations":[{"start":{"line":242,"column":19},"end":{"line":242,"column":36}},{"start":{"line":242,"column":40},"end":{"line":242,"column":63}}],"line":242},"25":{"loc":{"start":{"line":249,"column":8},"end":{"line":249,"column":39}},"type":"if","locations":[{"start":{"line":249,"column":8},"end":{"line":249,"column":39}},{"start":{"line":249,"column":8},"end":{"line":249,"column":39}}],"line":249},"26":{"loc":{"start":{"line":253,"column":8},"end":{"line":253,"column":56}},"type":"if","locations":[{"start":{"line":253,"column":8},"end":{"line":253,"column":56}},{"start":{"line":253,"column":8},"end":{"line":253,"column":56}}],"line":253},"27":{"loc":{"start":{"line":256,"column":10},"end":{"line":256,"column":80}},"type":"cond-expr","locations":[{"start":{"line":256,"column":46},"end":{"line":256,"column":55}},{"start":{"line":256,"column":58},"end":{"line":256,"column":80}}],"line":256},"28":{"loc":{"start":{"line":257,"column":19},"end":{"line":257,"column":39}},"type":"cond-expr","locations":[{"start":{"line":257,"column":25},"end":{"line":257,"column":35}},{"start":{"line":257,"column":38},"end":{"line":257,"column":39}}],"line":257},"29":{"loc":{"start":{"line":258,"column":4},"end":{"line":260,"column":5}},"type":"if","locations":[{"start":{"line":258,"column":4},"end":{"line":260,"column":5}},{"start":{"line":258,"column":4},"end":{"line":260,"column":5}}],"line":258},"30":{"loc":{"start":{"line":268,"column":22},"end":{"line":268,"column":69}},"type":"cond-expr","locations":[{"start":{"line":268,"column":40},"end":{"line":268,"column":55}},{"start":{"line":268,"column":58},"end":{"line":268,"column":69}}],"line":268},"31":{"loc":{"start":{"line":271,"column":4},"end":{"line":271,"column":57}},"type":"if","locations":[{"start":{"line":271,"column":4},"end":{"line":271,"column":57}},{"start":{"line":271,"column":4},"end":{"line":271,"column":57}}],"line":271},"32":{"loc":{"start":{"line":274,"column":6},"end":{"line":280,"column":7}},"type":"if","locations":[{"start":{"line":274,"column":6},"end":{"line":280,"column":7}},{"start":{"line":274,"column":6},"end":{"line":280,"column":7}}],"line":274},"33":{"loc":{"start":{"line":291,"column":17},"end":{"line":291,"column":130}},"type":"cond-expr","locations":[{"start":{"line":291,"column":63},"end":{"line":291,"column":111}},{"start":{"line":291,"column":114},"end":{"line":291,"column":130}}],"line":291},"34":{"loc":{"start":{"line":300,"column":6},"end":{"line":320,"column":7}},"type":"if","locations":[{"start":{"line":300,"column":6},"end":{"line":320,"column":7}},{"start":{"line":300,"column":6},"end":{"line":320,"column":7}}],"line":300},"35":{"loc":{"start":{"line":301,"column":8},"end":{"line":314,"column":9}},"type":"if","locations":[{"start":{"line":301,"column":8},"end":{"line":314,"column":9}},{"start":{"line":301,"column":8},"end":{"line":314,"column":9}}],"line":301},"36":{"loc":{"start":{"line":301,"column":12},"end":{"line":301,"column":75}},"type":"binary-expr","locations":[{"start":{"line":301,"column":12},"end":{"line":301,"column":35}},{"start":{"line":301,"column":39},"end":{"line":301,"column":75}}],"line":301},"37":{"loc":{"start":{"line":304,"column":10},"end":{"line":304,"column":75}},"type":"if","locations":[{"start":{"line":304,"column":10},"end":{"line":304,"column":75}},{"start":{"line":304,"column":10},"end":{"line":304,"column":75}}],"line":304},"38":{"loc":{"start":{"line":306,"column":10},"end":{"line":309,"column":11}},"type":"if","locations":[{"start":{"line":306,"column":10},"end":{"line":309,"column":11}},{"start":{"line":306,"column":10},"end":{"line":309,"column":11}}],"line":306},"39":{"loc":{"start":{"line":317,"column":8},"end":{"line":317,"column":29}},"type":"if","locations":[{"start":{"line":317,"column":8},"end":{"line":317,"column":29}},{"start":{"line":317,"column":8},"end":{"line":317,"column":29}}],"line":317},"40":{"loc":{"start":{"line":318,"column":8},"end":{"line":318,"column":61}},"type":"if","locations":[{"start":{"line":318,"column":8},"end":{"line":318,"column":61}},{"start":{"line":318,"column":8},"end":{"line":318,"column":61}}],"line":318},"41":{"loc":{"start":{"line":332,"column":6},"end":{"line":334,"column":7}},"type":"if","locations":[{"start":{"line":332,"column":6},"end":{"line":334,"column":7}},{"start":{"line":332,"column":6},"end":{"line":334,"column":7}}],"line":332},"42":{"loc":{"start":{"line":342,"column":0},"end":{"line":346,"column":1}},"type":"if","locations":[{"start":{"line":342,"column":0},"end":{"line":346,"column":1}},{"start":{"line":342,"column":0},"end":{"line":346,"column":1}}],"line":342},"43":{"loc":{"start":{"line":342,"column":4},"end":{"line":342,"column":74}},"type":"binary-expr","locations":[{"start":{"line":342,"column":4},"end":{"line":342,"column":33}},{"start":{"line":342,"column":37},"end":{"line":342,"column":74}}],"line":342}},"s":{"0":1,"1":1,"2":1,"3":1,"4":1,"5":1,"6":15,"7":15,"8":15,"9":0,"10":15,"11":0,"12":0,"13":0,"14":0,"15":0,"16":0,"17":0,"18":0,"19":0,"20":0,"21":0,"22":3,"23":2,"24":42,"25":17,"26":17,"27":17,"28":90,"29":0,"30":90,"31":0,"32":90,"33":17,"34":18,"35":18,"36":17,"37":18,"38":2,"39":18,"40":3,"41":18,"42":3,"43":18,"44":3,"45":0,"46":0,"47":0,"48":0,"49":0,"50":0,"51":0,"52":0,"53":0,"54":0,"55":18,"56":0,"57":0,"58":0,"59":0,"60":0,"61":0,"62":0,"63":1,"64":1,"65":2,"66":2,"67":2,"68":2,"69":4,"70":2,"71":2,"72":0,"73":4,"74":4,"75":40,"76":4,"77":11,"78":18,"79":51,"80":51,"81":2,"82":1,"83":1,"84":1,"85":1,"86":2,"87":3,"88":2,"89":1,"90":1,"91":1,"92":3,"93":22,"94":14,"95":22,"96":24,"97":15,"98":24,"99":51,"100":51,"101":51,"102":1,"103":1,"104":1,"105":1,"106":1,"107":1,"108":0,"109":1,"110":1,"111":0,"112":0,"113":0,"114":0,"115":0,"116":1,"117":1,"118":1,"119":1,"120":3,"121":3,"122":210,"123":210,"124":210,"125":3,"126":3,"127":3,"128":1,"129":3,"130":3,"131":2,"132":2,"133":3,"134":70,"135":3,"136":207,"137":0,"138":0,"139":0,"140":0,"141":0,"142":0,"143":210,"144":210,"145":0,"146":0,"147":0,"148":0,"149":0,"150":0,"151":0,"152":1,"153":1,"154":0},"f":{"0":15,"1":0,"2":0,"3":0,"4":0,"5":3,"6":42,"7":17,"8":18,"9":0,"10":18,"11":51,"12":1,"13":1,"14":3,"15":0},"b":{"0":[9,6],"1":[15,10],"2":[0,0],"3":[0,0],"4":[0,90],"5":[0,90],"6":[17,1],"7":[2,16],"8":[3,15],"9":[3,15],"10":[3,15],"11":[0,1,2,2,4,0,2,2,5,5,7,7,11],"12":[0,0],"13":[2,0],"14":[2,2],"15":[0,2],"16":[20,20],"17":[10,41],"18":[0,2,0,3,0,22,0,24],"19":[1,1],"20":[1,0],"21":[2,1],"22":[3,3],"23":[1,0],"24":[1,1],"25":[14,8],"26":[15,9],"27":[10,41],"28":[32,19],"29":[1,50],"30":[1,0],"31":[0,1],"32":[0,0],"33":[0,1],"34":[210,0],"35":[3,207],"36":[210,210],"37":[1,2],"38":[2,1],"39":[0,0],"40":[0,0],"41":[0,0],"42":[1,0],"43":[1,1]},"_coverageSchema":"1a1c01bbd47fc00a2c39e90264f33305004495a9","hash":"bfac488c3e3c388d89acceaae23ae199f7bef058"}
}
