TN:
SF:src/kilo.js
FN:25,(anonymous_0)
FN:63,(anonymous_1)
FN:78,(anonymous_2)
FN:90,(anonymous_3)
FN:108,(anonymous_4)
FN:118,(anonymous_5)
FN:135,(anonymous_6)
FN:137,(anonymous_7)
FN:147,(anonymous_8)
FN:148,(anonymous_9)
FN:158,(anonymous_10)
FN:181,(anonymous_11)
FN:206,(anonymous_12)
FN:219,(anonymous_13)
FN:230,(anonymous_14)
FN:254,(anonymous_15)
FN:281,(anonymous_16)
FN:314,(anonymous_17)
FN:334,(anonymous_18)
FN:525,(anonymous_19)
FN:607,(anonymous_20)
FN:656,(anonymous_21)
FN:683,(anonymous_22)
FN:692,(anonymous_23)
FN:742,(anonymous_24)
FN:745,(anonymous_25)
FN:747,(anonymous_26)
FN:749,(anonymous_27)
FN:751,(anonymous_28)
FN:753,(anonymous_29)
FN:755,(anonymous_30)
FN:757,(anonymous_31)
FN:764,(anonymous_32)
FN:772,(anonymous_33)
FNF:34
FNH:27
FNDA:27,(anonymous_0)
FNDA:3,(anonymous_1)
FNDA:2,(anonymous_2)
FNDA:4,(anonymous_3)
FNDA:6,(anonymous_4)
FNDA:3,(anonymous_5)
FNDA:95,(anonymous_6)
FNDA:95,(anonymous_7)
FNDA:17,(anonymous_8)
FNDA:339,(anonymous_9)
FNDA:7,(anonymous_10)
FNDA:5,(anonymous_11)
FNDA:1,(anonymous_12)
FNDA:4,(anonymous_13)
FNDA:8,(anonymous_14)
FNDA:73,(anonymous_15)
FNDA:89,(anonymous_16)
FNDA:71,(anonymous_17)
FNDA:69,(anonymous_18)
FNDA:0,(anonymous_19)
FNDA:71,(anonymous_20)
FNDA:72,(anonymous_21)
FNDA:72,(anonymous_22)
FNDA:74,(anonymous_23)
FNDA:413,(anonymous_24)
FNDA:0,(anonymous_25)
FNDA:0,(anonymous_26)
FNDA:0,(anonymous_27)
FNDA:1,(anonymous_28)
FNDA:42,(anonymous_29)
FNDA:0,(anonymous_30)
FNDA:0,(anonymous_31)
FNDA:1,(anonymous_32)
FNDA:0,(anonymous_33)
DA:2,1
DA:3,1
DA:4,1
DA:5,1
DA:6,1
DA:7,1
DA:26,27
DA:27,27
DA:40,27
DA:41,25
DA:43,27
DA:44,27
DA:45,27
DA:46,27
DA:47,27
DA:48,27
DA:49,27
DA:50,27
DA:51,27
DA:52,27
DA:53,27
DA:64,3
DA:65,3
DA:66,3
DA:67,3
DA:68,3
DA:69,3
DA:79,2
DA:80,2
DA:91,4
DA:92,4
DA:93,4
DA:109,6
DA:110,5
DA:111,5
DA:119,3
DA:121,3
DA:122,3
DA:123,2
DA:124,2
DA:126,1
DA:136,95
DA:137,95
DA:138,95
DA:148,339
DA:159,7
DA:161,7
DA:162,2
DA:164,7
DA:166,7
DA:167,2
DA:170,7
DA:171,7
DA:172,7
DA:182,5
DA:184,5
DA:185,1
DA:187,4
DA:189,4
DA:190,4
DA:192,0
DA:193,0
DA:194,0
DA:197,4
DA:207,1
DA:208,1
DA:209,1
DA:210,1
DA:220,4
DA:221,4
DA:222,4
DA:231,8
DA:232,4
DA:234,4
DA:235,0
DA:237,4
DA:238,4
DA:239,4
DA:255,73
DA:257,73
DA:259,73
DA:260,204
DA:261,4
DA:263,204
DA:264,1
DA:266,204
DA:268,73
DA:282,89
DA:283,89
DA:284,66
DA:286,89
DA:287,3
DA:289,89
DA:290,6
DA:292,89
DA:293,4
DA:295,89
DA:296,4
DA:315,71
DA:316,71
DA:317,71
DA:318,71
DA:319,71
DA:320,71
DA:321,71
DA:322,71
DA:323,71
DA:324,71
DA:335,69
DA:337,69
DA:338,69
DA:339,2
DA:340,2
DA:341,2
DA:342,2
DA:343,2
DA:344,2
DA:345,67
DA:346,3
DA:348,1
DA:349,1
DA:351,1
DA:352,1
DA:354,1
DA:357,64
DA:358,64
DA:359,8
DA:361,3
DA:362,2
DA:364,3
DA:366,3
DA:367,3
DA:369,1
DA:370,1
DA:372,1
DA:375,56
DA:378,2
DA:379,2
DA:381,3
DA:382,2
DA:384,3
DA:386,1
DA:387,1
DA:389,3
DA:392,7
DA:393,7
DA:394,0
DA:396,7
DA:398,0
DA:399,0
DA:401,0
DA:404,0
DA:405,0
DA:406,0
DA:407,0
DA:409,0
DA:410,0
DA:411,0
DA:412,0
DA:414,0
DA:415,0
DA:416,0
DA:417,0
DA:419,0
DA:420,0
DA:423,5
DA:425,5
DA:426,5
DA:428,5
DA:430,2
DA:431,1
DA:434,8
DA:435,3
DA:436,3
DA:437,5
DA:438,1
DA:439,1
DA:441,8
DA:443,0
DA:444,0
DA:446,0
DA:447,0
DA:449,0
DA:450,0
DA:451,0
DA:453,0
DA:455,0
DA:457,1
DA:458,1
DA:459,1
DA:460,1
DA:462,2
DA:465,5
DA:466,3
DA:467,3
DA:468,0
DA:471,5
DA:473,5
DA:474,40
DA:477,5
DA:486,24
DA:487,24
DA:489,0
DA:492,64
DA:493,0
DA:494,0
DA:497,0
DA:498,0
DA:500,0
DA:501,0
DA:502,0
DA:503,0
DA:504,0
DA:505,0
DA:508,0
DA:509,0
DA:511,0
DA:513,0
DA:514,0
DA:516,0
DA:517,0
DA:520,0
DA:521,0
DA:522,0
DA:523,0
DA:524,0
DA:525,0
DA:526,0
DA:528,0
DA:529,0
DA:530,0
DA:534,0
DA:535,0
DA:536,0
DA:540,0
DA:542,0
DA:543,0
DA:545,0
DA:546,0
DA:548,0
DA:550,0
DA:551,0
DA:552,0
DA:553,0
DA:554,0
DA:556,0
DA:558,0
DA:559,0
DA:560,0
DA:562,0
DA:564,0
DA:567,0
DA:568,0
DA:569,0
DA:570,0
DA:573,0
DA:575,0
DA:576,0
DA:579,0
DA:584,0
DA:585,0
DA:587,0
DA:588,0
DA:592,64
DA:594,64
DA:596,69
DA:598,0
DA:608,71
DA:610,71
DA:613,7
DA:614,2
DA:615,5
DA:616,1
DA:617,1
DA:619,7
DA:622,8
DA:623,4
DA:624,4
DA:625,2
DA:626,2
DA:628,8
DA:631,23
DA:632,18
DA:634,23
DA:637,33
DA:638,20
DA:640,33
DA:642,0
DA:644,71
DA:645,71
DA:647,71
DA:648,2
DA:657,72
DA:658,72
DA:659,72
DA:660,72
DA:662,72
DA:663,72
DA:665,72
DA:666,72
DA:667,0
DA:668,0
DA:669,0
DA:671,0
DA:672,0
DA:675,72
DA:676,72
DA:684,72
DA:685,72
DA:693,74
DA:694,778
DA:696,778
DA:697,366
DA:698,22
DA:699,22
DA:701,22
DA:702,20
DA:704,22
DA:706,22
DA:707,2
DA:708,2
DA:710,22
DA:711,68
DA:713,22
DA:715,344
DA:719,412
DA:720,412
DA:722,412
DA:723,13
DA:725,412
DA:726,301
DA:730,412
DA:732,778
DA:733,778
DA:743,413
DA:745,0
DA:747,0
DA:749,0
DA:751,1
DA:753,42
DA:755,0
DA:757,0
DA:765,1
DA:766,1
DA:767,1
DA:768,1
DA:770,1
DA:771,1
DA:772,1
DA:773,0
DA:774,0
DA:777,0
DA:781,1
DA:782,1
LF:354
LH:247
BRDA:40,0,0,25
BRDA:40,0,1,2
BRDA:40,1,0,27
BRDA:40,1,1,26
BRDA:69,2,0,1
BRDA:69,2,1,2
BRDA:79,3,0,2
BRDA:79,3,1,0
BRDA:91,4,0,4
BRDA:91,4,1,0
BRDA:161,5,0,2
BRDA:161,5,1,5
BRDA:166,6,0,2
BRDA:166,6,1,5
BRDA:166,7,0,7
BRDA:166,7,1,6
BRDA:184,8,0,1
BRDA:184,8,1,4
BRDA:189,9,0,4
BRDA:189,9,1,0
BRDA:193,10,0,0
BRDA:193,10,1,0
BRDA:193,11,0,0
BRDA:193,11,1,0
BRDA:221,12,0,4
BRDA:221,12,1,3
BRDA:231,13,0,4
BRDA:231,13,1,4
BRDA:234,14,0,0
BRDA:234,14,1,4
BRDA:260,15,0,4
BRDA:260,15,1,200
BRDA:263,16,0,1
BRDA:263,16,1,203
BRDA:283,17,0,66
BRDA:283,17,1,23
BRDA:286,18,0,3
BRDA:286,18,1,86
BRDA:289,19,0,6
BRDA:289,19,1,83
BRDA:292,20,0,4
BRDA:292,20,1,85
BRDA:295,21,0,4
BRDA:295,21,1,85
BRDA:335,22,0,21
BRDA:335,22,1,48
BRDA:338,23,0,2
BRDA:338,23,1,67
BRDA:345,24,0,3
BRDA:345,24,1,64
BRDA:346,25,0,1
BRDA:346,25,1,1
BRDA:346,25,2,1
BRDA:357,26,0,64
BRDA:357,26,1,0
BRDA:357,27,0,64
BRDA:357,27,1,64
BRDA:358,28,0,8
BRDA:358,28,1,56
BRDA:359,29,0,3
BRDA:359,29,1,3
BRDA:359,29,2,1
BRDA:359,29,3,1
BRDA:361,30,0,2
BRDA:361,30,1,1
BRDA:375,31,0,2
BRDA:375,31,1,2
BRDA:375,31,2,3
BRDA:375,31,3,1
BRDA:375,31,4,3
BRDA:375,31,5,6
BRDA:375,31,6,7
BRDA:375,31,7,0
BRDA:375,31,8,0
BRDA:375,31,9,0
BRDA:375,31,10,0
BRDA:375,31,11,0
BRDA:375,31,12,5
BRDA:375,31,13,2
BRDA:375,31,14,8
BRDA:375,31,15,0
BRDA:375,31,16,1
BRDA:375,31,17,2
BRDA:375,31,18,5
BRDA:375,31,19,2
BRDA:375,31,20,5
BRDA:375,31,21,7
BRDA:375,31,22,11
BRDA:375,31,23,13
BRDA:375,31,24,17
BRDA:375,31,25,21
BRDA:375,31,26,24
BRDA:375,31,27,0
BRDA:381,32,0,2
BRDA:381,32,1,1
BRDA:393,33,0,0
BRDA:393,33,1,7
BRDA:393,34,0,7
BRDA:393,34,1,4
BRDA:405,35,0,0
BRDA:405,35,1,0
BRDA:409,36,0,0
BRDA:409,36,1,0
BRDA:430,37,0,1
BRDA:430,37,1,1
BRDA:430,38,0,2
BRDA:430,38,1,2
BRDA:434,39,0,3
BRDA:434,39,1,5
BRDA:436,40,0,2
BRDA:436,40,1,1
BRDA:437,41,0,1
BRDA:437,41,1,4
BRDA:443,42,0,0
BRDA:443,42,1,0
BRDA:443,43,0,0
BRDA:443,43,1,0
BRDA:465,44,0,3
BRDA:465,44,1,2
BRDA:467,45,0,0
BRDA:467,45,1,3
BRDA:474,46,0,16
BRDA:474,46,1,24
BRDA:493,47,0,0
BRDA:493,47,1,0
BRDA:493,48,0,0
BRDA:493,48,1,0
BRDA:494,49,0,0
BRDA:494,49,1,0
BRDA:494,49,2,0
BRDA:494,49,3,0
BRDA:494,49,4,0
BRDA:494,49,5,0
BRDA:508,50,0,0
BRDA:508,50,1,0
BRDA:513,51,0,0
BRDA:513,51,1,0
BRDA:516,52,0,0
BRDA:516,52,1,0
BRDA:520,53,0,0
BRDA:520,53,1,0
BRDA:528,54,0,0
BRDA:528,54,1,0
BRDA:534,55,0,0
BRDA:534,55,1,0
BRDA:540,56,0,0
BRDA:540,56,1,0
BRDA:540,56,2,0
BRDA:540,56,3,0
BRDA:540,56,4,0
BRDA:540,56,5,0
BRDA:540,56,6,0
BRDA:540,56,7,0
BRDA:540,56,8,0
BRDA:540,56,9,0
BRDA:540,56,10,0
BRDA:540,56,11,0
BRDA:545,57,0,0
BRDA:545,57,1,0
BRDA:559,58,0,0
BRDA:559,58,1,0
BRDA:559,59,0,0
BRDA:559,59,1,0
BRDA:567,60,0,0
BRDA:567,60,1,0
BRDA:569,61,0,0
BRDA:569,61,1,0
BRDA:576,62,0,0
BRDA:576,62,1,0
BRDA:587,63,0,0
BRDA:587,63,1,0
BRDA:587,64,0,0
BRDA:587,64,1,0
BRDA:592,65,0,1
BRDA:592,65,1,63
BRDA:594,66,0,0
BRDA:594,66,1,64
BRDA:608,67,0,22
BRDA:608,67,1,49
BRDA:610,68,0,2
BRDA:610,68,1,7
BRDA:610,68,2,4
BRDA:610,68,3,8
BRDA:610,68,4,4
BRDA:610,68,5,23
BRDA:610,68,6,3
BRDA:610,68,7,33
BRDA:610,68,8,0
BRDA:613,69,0,2
BRDA:613,69,1,5
BRDA:615,70,0,1
BRDA:615,70,1,4
BRDA:622,71,0,4
BRDA:622,71,1,4
BRDA:622,72,0,8
BRDA:622,72,1,5
BRDA:624,73,0,2
BRDA:624,73,1,2
BRDA:624,74,0,4
BRDA:624,74,1,2
BRDA:631,75,0,18
BRDA:631,75,1,5
BRDA:637,76,0,20
BRDA:637,76,1,13
BRDA:644,77,0,24
BRDA:644,77,1,47
BRDA:645,78,0,35
BRDA:645,78,1,36
BRDA:647,79,0,2
BRDA:647,79,1,69
BRDA:658,80,0,54
BRDA:658,80,1,18
BRDA:658,81,0,6
BRDA:658,81,1,66
BRDA:662,82,0,72
BRDA:662,82,1,0
BRDA:667,83,0,0
BRDA:667,83,1,0
BRDA:685,84,0,72
BRDA:685,84,1,0
BRDA:696,85,0,366
BRDA:696,85,1,412
BRDA:697,86,0,22
BRDA:697,86,1,344
BRDA:697,87,0,366
BRDA:697,87,1,362
BRDA:701,88,0,20
BRDA:701,88,1,2
BRDA:706,89,0,2
BRDA:706,89,1,20
BRDA:722,90,0,13
BRDA:722,90,1,399
BRDA:725,91,0,301
BRDA:725,91,1,111
BRDA:767,92,0,1
BRDA:767,92,1,0
BRDA:781,93,0,1
BRDA:781,93,1,0
BRDA:781,94,0,1
BRDA:781,94,1,1
BRF:240
BRH:156
end_of_record
