TN:
SF:src/kilo.js
FN:25,(anonymous_0)
FN:63,(anonymous_1)
FN:78,(anonymous_2)
FN:90,(anonymous_3)
FN:108,(anonymous_4)
FN:118,(anonymous_5)
FN:135,(anonymous_6)
FN:137,(anonymous_7)
FN:147,(anonymous_8)
FN:148,(anonymous_9)
FN:158,(anonymous_10)
FN:181,(anonymous_11)
FN:206,(anonymous_12)
FN:219,(anonymous_13)
FN:230,(anonymous_14)
FN:254,(anonymous_15)
FN:281,(anonymous_16)
FN:314,(anonymous_17)
FN:334,(anonymous_18)
FN:522,(anonymous_19)
FN:523,(anonymous_20)
FN:602,(anonymous_21)
FN:651,(anonymous_22)
FN:678,(anonymous_23)
FN:687,(anonymous_24)
FN:737,(anonymous_25)
FN:740,(anonymous_26)
FN:742,(anonymous_27)
FN:744,(anonymous_28)
FN:746,(anonymous_29)
FN:748,(anonymous_30)
FN:750,(anonymous_31)
FN:752,(anonymous_32)
FN:759,(anonymous_33)
FN:767,(anonymous_34)
FNF:35
FNH:31
FNDA:27,(anonymous_0)
FNDA:3,(anonymous_1)
FNDA:2,(anonymous_2)
FNDA:4,(anonymous_3)
FNDA:6,(anonymous_4)
FNDA:3,(anonymous_5)
FNDA:118,(anonymous_6)
FNDA:118,(anonymous_7)
FNDA:29,(anonymous_8)
FNDA:589,(anonymous_9)
FNDA:7,(anonymous_10)
FNDA:17,(anonymous_11)
FNDA:1,(anonymous_12)
FNDA:4,(anonymous_13)
FNDA:20,(anonymous_14)
FNDA:95,(anonymous_15)
FNDA:113,(anonymous_16)
FNDA:95,(anonymous_17)
FNDA:93,(anonymous_18)
FNDA:63,(anonymous_19)
FNDA:65,(anonymous_20)
FNDA:82,(anonymous_21)
FNDA:96,(anonymous_22)
FNDA:96,(anonymous_23)
FNDA:98,(anonymous_24)
FNDA:589,(anonymous_25)
FNDA:1,(anonymous_26)
FNDA:0,(anonymous_27)
FNDA:0,(anonymous_28)
FNDA:4,(anonymous_29)
FNDA:50,(anonymous_30)
FNDA:49,(anonymous_31)
FNDA:0,(anonymous_32)
FNDA:1,(anonymous_33)
FNDA:0,(anonymous_34)
DA:2,1
DA:3,1
DA:4,1
DA:5,1
DA:6,1
DA:7,1
DA:26,27
DA:27,27
DA:40,27
DA:41,25
DA:43,27
DA:44,27
DA:45,27
DA:46,27
DA:47,27
DA:48,27
DA:49,27
DA:50,27
DA:51,27
DA:52,27
DA:53,27
DA:64,3
DA:65,3
DA:66,3
DA:67,3
DA:68,3
DA:69,3
DA:79,2
DA:80,2
DA:91,4
DA:92,4
DA:93,4
DA:109,6
DA:110,5
DA:111,5
DA:119,3
DA:121,3
DA:122,3
DA:123,2
DA:124,2
DA:126,1
DA:136,118
DA:137,118
DA:138,118
DA:148,589
DA:159,7
DA:161,7
DA:162,2
DA:164,7
DA:166,7
DA:167,2
DA:170,7
DA:171,7
DA:172,7
DA:182,17
DA:184,17
DA:185,1
DA:187,16
DA:189,16
DA:190,14
DA:192,2
DA:193,2
DA:194,1
DA:197,16
DA:207,1
DA:208,1
DA:209,1
DA:210,1
DA:220,4
DA:221,4
DA:222,4
DA:231,20
DA:232,4
DA:234,16
DA:235,0
DA:237,16
DA:238,16
DA:239,16
DA:255,95
DA:257,95
DA:259,95
DA:260,1097
DA:261,4
DA:263,1097
DA:264,1
DA:266,1097
DA:268,95
DA:282,113
DA:283,113
DA:284,88
DA:286,113
DA:287,4
DA:289,113
DA:290,8
DA:292,113
DA:293,7
DA:295,113
DA:296,10
DA:315,95
DA:316,95
DA:317,95
DA:318,95
DA:319,95
DA:320,95
DA:321,95
DA:322,95
DA:323,95
DA:324,95
DA:335,93
DA:337,93
DA:338,93
DA:339,3
DA:340,3
DA:341,3
DA:342,3
DA:343,3
DA:344,3
DA:345,90
DA:346,3
DA:348,1
DA:349,1
DA:351,1
DA:352,1
DA:354,1
DA:357,87
DA:358,74
DA:359,9
DA:361,3
DA:362,2
DA:364,3
DA:366,3
DA:367,3
DA:369,2
DA:370,2
DA:372,1
DA:375,65
DA:378,2
DA:379,2
DA:381,3
DA:382,2
DA:384,3
DA:386,1
DA:387,1
DA:389,3
DA:392,8
DA:393,8
DA:394,1
DA:396,8
DA:398,0
DA:401,0
DA:402,0
DA:403,0
DA:404,0
DA:406,0
DA:407,0
DA:408,0
DA:409,0
DA:411,0
DA:412,0
DA:413,0
DA:414,0
DA:416,0
DA:417,0
DA:420,7
DA:422,7
DA:423,7
DA:425,7
DA:427,2
DA:428,1
DA:431,8
DA:432,3
DA:433,3
DA:434,5
DA:435,1
DA:436,1
DA:438,8
DA:440,2
DA:441,1
DA:443,1
DA:444,1
DA:446,1
DA:447,1
DA:448,11
DA:450,1
DA:452,2
DA:454,1
DA:455,1
DA:456,1
DA:457,1
DA:459,2
DA:462,6
DA:463,4
DA:464,4
DA:465,1
DA:468,6
DA:470,6
DA:471,48
DA:474,6
DA:483,26
DA:484,26
DA:486,1
DA:489,74
DA:490,13
DA:491,13
DA:494,2
DA:495,2
DA:497,1
DA:498,1
DA:499,1
DA:500,1
DA:501,1
DA:502,1
DA:505,7
DA:506,3
DA:508,4
DA:510,7
DA:511,1
DA:513,7
DA:514,2
DA:517,10
DA:518,3
DA:519,3
DA:520,3
DA:521,3
DA:522,3
DA:523,63
DA:524,65
DA:525,65
DA:529,10
DA:530,10
DA:531,10
DA:535,0
DA:537,0
DA:538,0
DA:540,0
DA:541,0
DA:543,0
DA:545,0
DA:546,0
DA:547,0
DA:548,0
DA:549,0
DA:551,0
DA:553,0
DA:554,0
DA:555,0
DA:557,0
DA:559,0
DA:562,0
DA:563,0
DA:564,0
DA:565,0
DA:568,0
DA:570,0
DA:571,0
DA:574,0
DA:579,0
DA:580,0
DA:582,0
DA:583,0
DA:587,87
DA:589,87
DA:591,93
DA:593,0
DA:603,82
DA:605,82
DA:608,7
DA:609,2
DA:610,5
DA:611,1
DA:612,1
DA:614,7
DA:617,8
DA:618,4
DA:619,4
DA:620,2
DA:621,2
DA:623,8
DA:626,24
DA:627,19
DA:629,24
DA:632,43
DA:633,22
DA:635,43
DA:637,0
DA:639,82
DA:640,82
DA:642,82
DA:643,2
DA:652,96
DA:653,96
DA:654,96
DA:655,96
DA:657,96
DA:658,96
DA:660,96
DA:661,96
DA:662,0
DA:663,0
DA:664,0
DA:666,0
DA:667,0
DA:670,96
DA:671,96
DA:679,96
DA:680,96
DA:688,98
DA:689,970
DA:691,970
DA:692,382
DA:693,23
DA:694,23
DA:696,23
DA:697,21
DA:699,23
DA:701,23
DA:702,2
DA:703,2
DA:705,23
DA:706,68
DA:708,23
DA:710,359
DA:714,588
DA:715,588
DA:717,588
DA:718,61
DA:720,588
DA:721,398
DA:725,588
DA:727,970
DA:728,970
DA:738,589
DA:740,1
DA:742,0
DA:744,0
DA:746,4
DA:748,50
DA:750,49
DA:752,0
DA:760,1
DA:761,1
DA:762,1
DA:763,1
DA:765,1
DA:766,1
DA:767,1
DA:768,0
DA:769,0
DA:772,0
DA:776,1
DA:777,1
LF:351
LH:293
BRDA:40,0,0,25
BRDA:40,0,1,2
BRDA:40,1,0,27
BRDA:40,1,1,26
BRDA:69,2,0,1
BRDA:69,2,1,2
BRDA:79,3,0,2
BRDA:79,3,1,0
BRDA:91,4,0,4
BRDA:91,4,1,0
BRDA:161,5,0,2
BRDA:161,5,1,5
BRDA:166,6,0,2
BRDA:166,6,1,5
BRDA:166,7,0,7
BRDA:166,7,1,6
BRDA:184,8,0,1
BRDA:184,8,1,16
BRDA:189,9,0,14
BRDA:189,9,1,2
BRDA:193,10,0,1
BRDA:193,10,1,1
BRDA:193,11,0,2
BRDA:193,11,1,2
BRDA:221,12,0,4
BRDA:221,12,1,3
BRDA:231,13,0,4
BRDA:231,13,1,16
BRDA:234,14,0,0
BRDA:234,14,1,16
BRDA:260,15,0,4
BRDA:260,15,1,1093
BRDA:263,16,0,1
BRDA:263,16,1,1096
BRDA:283,17,0,88
BRDA:283,17,1,25
BRDA:286,18,0,4
BRDA:286,18,1,109
BRDA:289,19,0,8
BRDA:289,19,1,105
BRDA:292,20,0,7
BRDA:292,20,1,106
BRDA:295,21,0,10
BRDA:295,21,1,103
BRDA:335,22,0,23
BRDA:335,22,1,70
BRDA:338,23,0,3
BRDA:338,23,1,90
BRDA:345,24,0,3
BRDA:345,24,1,87
BRDA:346,25,0,1
BRDA:346,25,1,1
BRDA:346,25,2,1
BRDA:357,26,0,74
BRDA:357,26,1,13
BRDA:357,27,0,87
BRDA:357,27,1,87
BRDA:358,28,0,9
BRDA:358,28,1,65
BRDA:359,29,0,3
BRDA:359,29,1,3
BRDA:359,29,2,2
BRDA:359,29,3,1
BRDA:361,30,0,2
BRDA:361,30,1,1
BRDA:375,31,0,2
BRDA:375,31,1,2
BRDA:375,31,2,3
BRDA:375,31,3,1
BRDA:375,31,4,3
BRDA:375,31,5,5
BRDA:375,31,6,8
BRDA:375,31,7,0
BRDA:375,31,8,0
BRDA:375,31,9,0
BRDA:375,31,10,0
BRDA:375,31,11,7
BRDA:375,31,12,2
BRDA:375,31,13,8
BRDA:375,31,14,2
BRDA:375,31,15,1
BRDA:375,31,16,2
BRDA:375,31,17,6
BRDA:375,31,18,2
BRDA:375,31,19,5
BRDA:375,31,20,8
BRDA:375,31,21,12
BRDA:375,31,22,14
BRDA:375,31,23,18
BRDA:375,31,24,22
BRDA:375,31,25,26
BRDA:375,31,26,1
BRDA:381,32,0,2
BRDA:381,32,1,1
BRDA:393,33,0,1
BRDA:393,33,1,7
BRDA:393,34,0,8
BRDA:393,34,1,5
BRDA:402,35,0,0
BRDA:402,35,1,0
BRDA:406,36,0,0
BRDA:406,36,1,0
BRDA:427,37,0,1
BRDA:427,37,1,1
BRDA:427,38,0,2
BRDA:427,38,1,2
BRDA:431,39,0,3
BRDA:431,39,1,5
BRDA:433,40,0,2
BRDA:433,40,1,1
BRDA:434,41,0,1
BRDA:434,41,1,4
BRDA:440,42,0,1
BRDA:440,42,1,1
BRDA:440,43,0,2
BRDA:440,43,1,2
BRDA:462,44,0,4
BRDA:462,44,1,2
BRDA:464,45,0,1
BRDA:464,45,1,3
BRDA:471,46,0,16
BRDA:471,46,1,32
BRDA:490,47,0,13
BRDA:490,47,1,0
BRDA:490,48,0,13
BRDA:490,48,1,13
BRDA:491,49,0,1
BRDA:491,49,1,2
BRDA:491,49,2,1
BRDA:491,49,3,3
BRDA:491,49,4,7
BRDA:491,49,5,10
BRDA:505,50,0,3
BRDA:505,50,1,4
BRDA:510,51,0,1
BRDA:510,51,1,6
BRDA:513,52,0,2
BRDA:513,52,1,5
BRDA:517,53,0,3
BRDA:517,53,1,7
BRDA:529,54,0,10
BRDA:529,54,1,0
BRDA:535,55,0,0
BRDA:535,55,1,0
BRDA:535,55,2,0
BRDA:535,55,3,0
BRDA:535,55,4,0
BRDA:535,55,5,0
BRDA:535,55,6,0
BRDA:535,55,7,0
BRDA:535,55,8,0
BRDA:535,55,9,0
BRDA:535,55,10,0
BRDA:535,55,11,0
BRDA:540,56,0,0
BRDA:540,56,1,0
BRDA:554,57,0,0
BRDA:554,57,1,0
BRDA:554,58,0,0
BRDA:554,58,1,0
BRDA:562,59,0,0
BRDA:562,59,1,0
BRDA:564,60,0,0
BRDA:564,60,1,0
BRDA:571,61,0,0
BRDA:571,61,1,0
BRDA:582,62,0,0
BRDA:582,62,1,0
BRDA:582,63,0,0
BRDA:582,63,1,0
BRDA:587,64,0,14
BRDA:587,64,1,73
BRDA:589,65,0,0
BRDA:589,65,1,87
BRDA:603,66,0,30
BRDA:603,66,1,52
BRDA:605,67,0,2
BRDA:605,67,1,7
BRDA:605,67,2,4
BRDA:605,67,3,8
BRDA:605,67,4,4
BRDA:605,67,5,24
BRDA:605,67,6,4
BRDA:605,67,7,43
BRDA:605,67,8,0
BRDA:608,68,0,2
BRDA:608,68,1,5
BRDA:610,69,0,1
BRDA:610,69,1,4
BRDA:617,70,0,4
BRDA:617,70,1,4
BRDA:617,71,0,8
BRDA:617,71,1,5
BRDA:619,72,0,2
BRDA:619,72,1,2
BRDA:619,73,0,4
BRDA:619,73,1,2
BRDA:626,74,0,19
BRDA:626,74,1,5
BRDA:632,75,0,22
BRDA:632,75,1,21
BRDA:639,76,0,32
BRDA:639,76,1,50
BRDA:640,77,0,37
BRDA:640,77,1,45
BRDA:642,78,0,2
BRDA:642,78,1,80
BRDA:653,79,0,77
BRDA:653,79,1,19
BRDA:653,80,0,8
BRDA:653,80,1,88
BRDA:657,81,0,96
BRDA:657,81,1,0
BRDA:662,82,0,0
BRDA:662,82,1,0
BRDA:680,83,0,96
BRDA:680,83,1,0
BRDA:691,84,0,382
BRDA:691,84,1,588
BRDA:692,85,0,23
BRDA:692,85,1,359
BRDA:692,86,0,382
BRDA:692,86,1,370
BRDA:696,87,0,21
BRDA:696,87,1,2
BRDA:701,88,0,2
BRDA:701,88,1,21
BRDA:717,89,0,61
BRDA:717,89,1,527
BRDA:720,90,0,398
BRDA:720,90,1,190
BRDA:762,91,0,1
BRDA:762,91,1,0
BRDA:776,92,0,1
BRDA:776,92,1,0
BRDA:776,93,0,1
BRDA:776,93,1,1
BRF:237
BRH:188
end_of_record
